epoch;accuracy;iou_coef;loss;val_accuracy;val_iou_coef;val_loss
0;0.6272852;0.22994894;0.2957079196141826;0.6580088;0.24293093;0.30041117742657664
1;0.5527025;0.2336476;0.2943375770416525;0.39226505;0.24688807;0.2993395045399666
2;0.6478773;0.26433766;0.2752389911148283;0.8021678;0.3191412;0.2501498065888882
3;0.76382226;0.31882942;0.24338879154788123;0.82382;0.34829274;0.23298491140206654
4;0.7862237;0.3317377;0.23514118856853908;0.81068015;0.35978344;0.22574849650263787
0;0.48371014;0.23812881;0.2987043932080269;0.30185935;0.22503763;0.2916355073451996
1;0.32731315;0.23837806;0.2986437242064211;0.30185935;0.2252326;0.2916338030497233
0;NA;NA;NA;NA;NA;NA
0;0.36805242;0.23558922;0.2971303237146801;0.31793967;0.23125412;0.295707985162735
1;0.3218991;0.23583147;0.29709217859639064;0.3166335;0.2314227;0.2956863621870677
0;NA;NA;NA;NA;NA;NA
0;0.33208728;0.23794264;0.2990303324328529;0.29980123;0.22341411;0.2910677985350291
1;0.32729417;0.23858023;0.29861092819107904;0.29980022;0.22361895;0.291070476770401
0;NA;NA;NA;NA;NA;NA
0;0.38982272;0.23554978;0.29719968232843613;0.32199788;0.23513524;0.29719355404376985
1;0.32442477;0.23430346;0.2966407422886954;0.32227886;0.23527974;0.29717073520024617
2;0.32015544;0.23459774;0.2965871563884947;0.3219922;0.23543653;0.29714197357495625
3;0.32009387;0.23475282;0.29656089762846627;0.32198527;0.23561276;0.2971129685640335
4;0.31991863;0.23491308;0.29653735121091207;0.32201946;0.23576261;0.2970888686180115
5;0.32010707;0.23509379;0.2965174761083391;0.32198283;0.23591621;0.29706503748893737
6;0.31990993;0.23521328;0.29649747166368695;0.32198548;0.23606722;0.29704208215077715
7;0.3199104;0.23532502;0.2964771244923274;0.32201314;0.23618996;0.2970237644513448
8;0.3199303;0.23544624;0.2964606845378876;0.32201234;0.23631597;0.2970055961608887
9;0.32064894;0.23559383;0.29644589841365815;0.322063;0.23645103;0.2969865256547928
10;0.32006896;0.23573606;0.29642945137288834;0.32347086;0.23655772;0.2969715984662374
11;0.31998378;0.23588464;0.2964124051067564;0.32214397;0.23671626;0.29695048948129016
0;0.3620059;0.23704614;0.2980339535077413;0.30672446;0.22703308;0.2929746037721634
1;0.32498616;0.23728152;0.29798761308193206;0.30672446;0.22723109;0.29296492636203764
2;0.32498616;0.23756362;0.29794623613357546;0.30672446;0.22743706;0.2929562034209569
3;0.32498616;0.23777351;0.297905526359876;0.30672446;0.22762968;0.292949342528979
4;0.32498616;0.23790534;0.29786981761455533;0.30672446;0.22781774;0.29294374187787375
5;0.32498616;0.23817469;0.29783247735765245;0.30672446;0.22801317;0.2929391308625539
6;0.32498616;0.23833416;0.29779946095413634;0.30672446;0.22818474;0.29293606996536253
7;0.32498616;0.238548;0.2977684995200899;0.30672446;0.22836146;0.2929339689016342
8;0.32498616;0.23872724;0.2977399161789152;0.30672446;0.22851573;0.2929329959551493
9;0.32498616;0.23892404;0.2977135424481498;0.30672446;0.22868754;0.2929327682654063
10;0.32498616;0.23906633;0.2976873448822233;0.30672446;0.22883797;0.2929334197441737
11;0.32498616;0.23925163;0.29766426271862456;0.30672446;0.22900383;0.29293496350447334
12;0.32498616;0.23945351;0.2976467886235979;0.30672446;0.22915891;0.29293727238972983
13;0.32498616;0.23961292;0.2976225382089615;0.30672446;0.22929397;0.29293991406758624
0;0.32114604;0.23187773;0.2978216286500295;0.33127603;0.24117053;0.29972310761610665
1;0.316941;0.232502;0.2957624946700202;0.33124694;0.2413126;0.29968421002229056
2;0.31693318;0.2326675;0.2957434782054689;0.3312264;0.24148265;0.2996406920750936
3;0.31691054;0.2328074;0.29572303427590263;0.33122194;0.24162583;0.2996068904797236
4;0.3169091;0.23294005;0.29570597993002995;0.33121726;0.24177358;0.2995718139410019
5;0.31690347;0.23308414;0.2956896690527598;0.331202;0.24189366;0.29954381068547564
6;0.31689128;0.23321612;0.2956731198893653;0.33120424;0.24205889;0.299507626692454
7;0.3168933;0.2333365;0.29565941558943853;0.33120036;0.24216422;0.2994848910967509
8;0.3168872;0.23348925;0.2956483793920941;0.331191;0.24233267;0.29944918195406595
9;0.31689325;0.23356947;0.29563485953542923;0.33120686;0.2424085;0.29943415681521096
10;0.31689405;0.23368764;0.2956229513221317;0.33119568;0.2425431;0.2994051937262217
11;0.31689495;0.23382616;0.295613446964158;0.33119547;0.24267097;0.2993801462650299
12;0.31689906;0.23393874;0.29560361325740814;0.33119792;0.24275334;0.2993639349937439
13;0.31689453;0.23397984;0.29559412214491104;0.33119872;0.24285115;0.2993440304199855
14;0.3168948;0.23410253;0.2955872025092443;0.33119956;0.24298081;0.2993192420403163
15;0.3169043;0.23418579;0.2955757967631022;0.3312087;0.24306491;0.29930406232674917
16;0.31690708;0.23429367;0.29556915144125623;0.33119994;0.24315326;0.2992861435810725
17;0.31689298;0.23433413;0.2955612321694692;0.33121136;0.24324659;0.29926972806453706
18;0.31691378;0.23440741;0.29555535356203716;0.33119038;0.24332291;0.299254247546196
19;0.31691143;0.23456267;0.29554860843552483;0.33122987;0.24344197;0.2992367418607076
20;0.31690165;0.23467566;0.2955458830462562;0.3312504;0.24351965;0.29922737161318463
21;0.31691703;0.23475055;0.29553790867328644;0.33124897;0.24359451;0.29920657018820446
22;0.31689298;0.23475535;0.2955326086945004;0.33119914;0.24366531;0.2991950613260269
23;0.3169174;0.23486657;0.2955266555812624;0.33120668;0.2437442;0.2991768014431
24;0.31690368;0.23491903;0.2955231463246875;0.33123007;0.24382873;0.2991645640134811
25;0.31692865;0.23499352;0.295517607000139;0.33121154;0.24388288;0.2991534920533498
26;0.31691664;0.23504144;0.29551642311943904;0.33121297;0.24398732;0.2991390566031138
27;0.31692538;0.23509066;0.2955123213264677;0.33124572;0.24401288;0.29913773079713185
28;0.31693596;0.23518535;0.2955077109734217;0.33125997;0.24409243;0.29912221411863965
29;0.3169287;0.2352153;0.2955072873830795;0.33119792;0.2441624;0.29910730381806694
30;0.31691048;0.2352975;0.29550285120805103;0.33120972;0.24422616;0.2990999186038971
31;0.31693333;0.23540007;0.29549785554409025;0.33126342;0.24427983;0.2990913027524948
32;0.3169186;0.23540889;0.29549716975953844;0.33123007;0.24432534;0.2990868441263835
33;0.31693894;0.23543692;0.29549228966236113;0.33124104;0.2443745;0.29907955447832746
34;0.3169511;0.23546559;0.29548990686734516;0.33135682;0.24442166;0.2990805818637212
35;0.31696695;0.23556755;0.2954899253447851;0.3312313;0.2444961;0.29905555486679075
36;0.31695813;0.23556961;0.29548499590820737;0.3312154;0.2445302;0.2990500090519587
37;0.31694865;0.23564345;0.29548286391629114;0.33117616;0.24457817;0.2990419179201126
38;0.3169245;0.23565221;0.2954836869902081;0.33120137;0.24460386;0.2990395170450211
39;0.31696153;0.2357253;0.29547841336992053;0.331262;0.24466553;0.29903242429097493
40;0.3169982;0.23577584;0.29547691775692836;0.3313796;0.24468574;0.2990593159198761
41;0.31699184;0.23580328;0.2954771159754859;0.33127198;0.2447527;0.29902075787385307
42;0.31697762;0.23586302;0.2954748539129893;0.3313027;0.2447864;0.29901691754659016
43;0.31699055;0.23585902;0.2954727999369303;0.33123088;0.2448204;0.2990090823173523
0;0.6812168;0.23289078;0.33582575930489433;0.67210305;0.23794311;0.3223966733614604
1;0.68205416;0.2320085;0.32069138871298897;0.672124;0.2372425;0.321950675646464
2;0.6820611;0.23132032;0.3202562050024668;0.6721295;0.23654757;0.3215825132528941
3;0.68206084;0.23067464;0.3198658833238814;0.67213094;0.23591237;0.32126603126525877
4;0.6820619;0.23006368;0.3194986425505744;0.6721301;0.23525673;0.3209555546442668
5;0.68206227;0.22947852;0.31915437565909494;0.6721299;0.2346204;0.32066619674364727
6;0.68206257;0.22887558;0.3188298792309231;0.6721301;0.23402686;0.3204075523217519
7;0.6820636;0.22831553;0.31852428767416213;0.67212933;0.23343176;0.3201600782076518
8;0.68206304;0.22769226;0.3182414064142439;0.6721301;0.2328498;0.3199271814028422
9;0.68206334;0.2271951;0.3179726152949863;0.6721299;0.23226821;0.31970503568649294
10;0.682063;0.22669786;0.3177216527197096;0.67213076;0.23171543;0.3195025626818339
11;0.68206394;0.22614104;0.31748159382078384;0.67213196;0.23120679;0.3193240229288737
12;0.6820635;0.22562276;0.31726090921296013;0.6721311;0.2306912;0.31915135224660235
13;0.6820634;0.22517301;0.31705339683426753;0.67213094;0.2301681;0.31898324529329936
14;0.68206286;0.22466852;0.3168564973937141;0.67213136;0.22965401;0.3188254459698995
15;0.6820636;0.22418477;0.31667129397392274;0.67213136;0.22919543;0.3186909822622935
16;0.6820647;0.22373547;0.31649816181924606;0.67213136;0.22871655;0.3185570991039276
17;0.6820648;0.22330181;0.3163366946909163;0.67213196;0.2282721;0.31843831737836203
18;0.68206495;0.2228739;0.3161861867374844;0.6721311;0.22781034;0.3183213174343109
19;0.68206394;0.22243625;0.31604453682899475;0.67213154;0.22738574;0.31821746786435445
20;0.68206406;0.22202612;0.31591130163934494;0.67213136;0.22699003;0.3181255698204041
21;0.682064;0.22163552;0.315787439611223;0.67213136;0.2265779;0.3180344796180725
22;0.68206376;0.22124708;0.31567154275046455;0.67213136;0.22615664;0.3179458848635356
23;0.68206435;0.22087015;0.31556131680806476;0.6721311;0.22579016;0.31787259856859845
24;0.6820657;0.2205235;0.31545978963375093;0.67213213;0.22541665;0.3178008298079173
25;0.682065;0.2201532;0.3153668959935506;0.67213213;0.22504018;0.31773292223612465
0;NA;NA;NA;NA;NA;NA
0;0.59294754;0.22086337;0.3630688628885481;0.6268374;0.22677511;0.3212453544139862
1;0.64696515;0.22716668;0.3201452599631415;0.6588273;0.22907753;0.31993717948595685
2;0.6646503;0.22537503;0.31898331708378264;0.6636544;0.22824611;0.31910094459851585
3;0.66997236;0.2254279;0.31826592498355444;0.66888386;0.21981634;0.31857595046361287
0;0.6710748;0.22421731;0.31807067573070524;0.670069;0.22345331;0.3178230543931325
1;0.67412436;0.22372904;0.3174846945868598;0.6749455;0.22090864;0.3173590020338694
2;0.6780811;0.22139141;0.31747740394539303;0.6769342;0.22189882;0.31681779384613035
0;0.6776975;0.22929224;0.7570003162489997;0.6575822;0.24488719;0.32444455742836
1;0.6869116;0.22978927;0.3199901244375441;0.6575824;0.24410492;0.3241319930553436
2;0.6869116;0.22912306;0.3195263010925717;0.6575824;0.24333127;0.3238402291138967
3;0.68691146;0.22841828;0.31908224595917595;0.6575824;0.2425984;0.32357897122701007
4;0.68691146;0.22776258;0.3186642425590091;0.6575826;0.2418512;0.3233275266488393
5;0.6869116;0.2271165;0.31826844758457606;0.6575824;0.24114583;0.32310332616170245
6;0.6869116;0.22651048;0.3178974811236064;0.6575824;0.24041165;0.32288461963335674
7;0.6869116;0.22589962;0.3175457501411438;0.6575826;0.23973392;0.322694935798645
8;0.6869116;0.22530548;0.3172173670927684;0.6575824;0.23908821;0.3225256590048472
9;0.6869112;0.22469388;0.316909550163481;0.6575826;0.23840995;0.32235856612523395
10;0.6869116;0.22409542;0.3166175940301683;0.6575824;0.23778386;0.3222147675355275
0
0;0.68114066;0.23138823;0.36040215108129714;0.6649009;0.24439427;0.3122456693649292
1;0.6844695;0.23048377;0.3080849368042416;0.66490114;0.24409057;0.3122132976849874
2;0.6844699;0.23021081;0.308009172545539;0.6648999;0.24379158;0.31218645135561623
3;0.6844698;0.22997934;0.30793802234861584;0.66490054;0.24351265;0.3121623718738556
4;0.6844698;0.22966824;0.3078691381878323;0.6649009;0.2431939;0.3121388065814972
5;0.68446976;0.22942796;0.3078067974249522;0.66490114;0.24292119;0.312118460337321
6;0.68446976;0.22917461;0.30774818844265406;0.6649013;0.24265058;0.31210161407788595
7;0.6844698;0.22895387;0.30769244922531974;0.6649042;0.24240583;0.3120867836475372
8;0.6844698;0.22866006;0.30763976600435045;0.6649042;0.24211441;0.3120729355017344
9;0.6844698;0.22841804;0.30758957743644716;0.6649042;0.2419047;0.31206429680188497
10;0.6844698;0.22822015;0.30754390557607014;0.6649042;0.24165869;0.3120556898911794
11;0.6844698;0.22798091;0.3075000222524007;0.6649042;0.24142657;0.31204901695251464
0;0.67963153;0.23093833;26.38467745900154;0.6710388;0.23878072;0.31068386634190875
1;0.6824261;0.22869407;0.30793210513061947;0.6710388;0.23680766;0.310546928246816
0;0.35621583;0.21771523;2.0595365528265637;0.33189902;0.23506348;0.32537816683451337
1;0.45516074;0.23358402;0.30987899515363904;0.67205626;0.23583283;0.3109579559167226
2;0.68208694;0.23376942;0.30705067727300855;0.67205626;0.2359819;0.30938741366068523
3;0.68208694;0.233803;0.30655669821633236;0.67205626;0.23600192;0.3088018520673116
4;0.68208694;0.23379934;0.30635798083411325;0.67205626;0.23599195;0.30864675124486285
5;0.68208694;0.23378524;0.3062904467847612;0.67205626;0.2359774;0.3085351804892222
6;0.68208694;0.23376882;0.3062293028831482;0.67205626;0.23595648;0.3084746325016022
7;0.68208694;0.23374587;0.30619511988427905;0.67205626;0.23593788;0.30843759258588155
8;0.68208694;0.2337279;0.3061759274535709;0.67205626;0.23591664;0.3084194854895274
9;0.68208694;0.2337056;0.3061654512749778;0.67205626;0.23589347;0.3084111615022023
10;0.68208694;0.23368673;0.3061602163977093;0.67205626;0.23587257;0.30840480506420137
11;0.68208694;0.23366427;0.3061528726418813;0.67205626;0.23584755;0.3083992254734039
12;0.68208694;0.23363999;0.30614715192053055;0.67205626;0.23582576;0.30839580078919726
13;0.68208694;0.23362426;0.30614227698908913;0.67205626;0.23580292;0.30839139938354493
0;0.36134854;0.20908752;2.8959125473764207;0.34236917;0.23684654;0.5896419064203898
1;0.32489902;0.23072842;0.4153542509343889;0.668372;0.23852646;0.3976839554309845
2;0.68331504;0.23203053;0.32567561586697896;0.668372;0.23933311;0.34563727299372354
3;0.68331504;0.23224813;0.3154028289847904;0.668372;0.23965581;0.3302681338787079
4;0.68331504;0.23231357;0.3121832022402022;0.668372;0.23980176;0.32317798495292666
5;0.68331504;0.23232032;0.3104274707370334;0.668372;0.23989184;0.3186083734035492
6;0.68331504;0.23233731;0.3090720150205824;0.668372;0.23994115;0.3159183939297994
7;0.68331504;0.23233713;0.3081252478228675;0.668372;0.23997703;0.3140314547220866
8;0.68331504;0.23233178;0.30765909088982474;0.668372;0.23998803;0.31288293639818826
0;0.6569163;0.23252316;0.30534235934416454;0.70050967;0.222478;0.2996443634231885
1;0.6779535;0.23113954;0.3051539243095451;0.69981587;0.22008511;0.29794382154941557
2;0.6476864;0.23173894;0.3049719555510415;0.70133436;0.2189839;0.29741819525758423
3;0.6474918;0.22995974;0.30449225993620027;0.70137733;0.21830535;0.2956040193637212
4;0.66920835;0.24332128;0.2953837289578385;0.7765147;0.3194813;0.23044443850715954
5;0.7601607;0.33620712;0.24282558568649823;0.82729846;0.3612935;0.20852540545165538
6;0.7869299;0.3866201;0.21652649140192404;0.8363202;0.35448772;0.2054364384462436
7;0.81491035;0.41647932;0.19954477383030786;0.85146004;0.427551;0.20946933242181937
8;0.8133603;0.4197163;0.20116451202581326;0.85400265;0.4334279;0.178910017448167
9;0.8228668;0.43376398;0.19118119776248932;0.8490257;0.4755869;0.1737287113443017
10;0.8392688;0.47714195;0.17226068911453088;0.8564766;0.49748787;0.17395694678028426
11;0.83790445;0.46045706;0.17760867199136152;0.8557228;0.44931754;0.18680726140737533
12;0.8420177;0.47960722;0.17121634522659912;0.8651057;0.44815445;0.16666244777540365
13;0.8492285;0.4925556;0.16397102591064242;0.8689888;0.48502928;0.1772810988749067
14;0.858699;0.51192564;0.156734921120935;0.8651286;0.5038603;0.15738473764310282
15;0.84359837;0.48322806;0.16979032899770471;0.8549917;0.5167246;0.16711717738459508
16;0.8542045;0.50822216;0.1583453844818804;0.8407552;0.4821049;0.16356913695732753
17;0.85821956;0.5223745;0.15239793974906207;0.86212486;0.46210557;0.16069445920487244
18;0.8666462;0.5297224;0.14827030835052332;0.8608879;0.46578616;0.15713924827675024
19;0.8665978;0.532349;0.14681091774255037;0.871507;0.5271082;0.15586334007481734
20;0.8695325;0.54189324;0.14351001307368277;0.8692164;0.5056056;0.15771800708025693
21;0.8751714;0.557027;0.13564391268624199;0.87206596;0.54069746;0.15936113521456718
22;0.8789261;0.568733;0.1309826782387164;0.83953017;0.49996093;0.16064725425094367
23;0.87014407;0.5550547;0.13851231009595924;0.8204669;0.4552546;0.17311799352367718
24;0.87132096;0.5471286;0.13793478514999152;0.87137806;0.5354484;0.1845234698926409
25;0.88026613;0.575807;0.12869167110572258;0.84987795;0.52393746;0.1562099987640977
26;0.88277215;0.5850501;0.12354191535462936;0.8706022;0.55841297;0.159339979570359
27;0.88250995;0.5814911;0.1263796044099662;0.87529296;0.5186077;0.16075697392225266
28;0.88494325;0.59231323;0.12008601975523764;0.875827;0.5701162;0.17947687953710556
29;0.884484;0.5947324;0.12069973786258036;0.8691025;0.5254476;0.15211155451834202
30;0.88488394;0.6010306;0.11636384663482507;0.8741839;0.5709203;0.15462332392732303
31;0.89075994;0.6176194;0.11146938498649332;0.86296946;0.5218307;0.14440215614934762
32;0.8919103;0.61703515;0.11000500675290822;0.8703987;0.5515474;0.14745514318346978
33;0.89472765;0.6240778;0.10837854035198688;0.8716423;0.58535385;0.1565075594931841
34;0.8965735;0.62982965;0.10465810673518314;0.87823945;0.5868725;0.15818548124904433
35;0.89940804;0.63587403;0.10297445499648651;0.8782351;0.578496;0.16027665038903555
36;0.9011045;0.64908314;0.09823078196495771;0.87086105;0.56717265;0.15376572754854959
37;0.90229756;0.6507486;0.09727953111545908;0.873688;0.5780334;0.15095231914892793
38;0.90314466;0.6491493;0.09741962772483627;0.87114537;0.5723384;0.15359426389137903
39;0.90596443;0.66190684;0.09287140239030123;0.8798826;0.5970069;0.17688869778066874
40;0.90789396;0.66593236;0.0919911204216381;0.8768969;0.5893138;0.16770711056888105
41;0.9119371;0.67270577;0.08857043280990587;0.87829363;0.5952552;0.17247809978822867
42;0.9106244;0.67579335;0.08840710970883568;0.8615176;0.58141243;0.15361752109602095
43;0.911133;0.67192096;0.08979152033312453;0.87831444;0.59930927;0.18032243788863223
44;0.91784483;0.69142216;0.08231374266453916;0.87626445;0.59762937;0.16901034768670797
45;0.91659874;0.69040865;0.083519972809073;0.8728653;0.6027383;0.20192135398586591
46;0.9161519;0.6868655;0.083710367915531;0.87276965;0.5996377;0.16801426379630963
47;0.91986364;0.6996779;0.08004335557214087;0.8784147;0.558143;0.17134124524891375
48;0.922598;0.7029571;0.07810566984117032;0.8766238;0.6005677;0.1872299550101161
49;0.9235743;0.70829225;0.07607981090744337;0.8756274;0.5984982;0.16372044694920382
50;0.9260125;0.71558857;0.0733749334803886;0.8769806;0.61114234;0.2073647783448299
51;0.9293708;0.7256845;0.06996706089832716;0.8808294;0.6153621;0.20472348028173049
52;0.92439574;0.7105662;0.07546259948155946;0.8793925;0.6136008;0.19034576726456484
53;0.92709404;0.7167613;0.07325484547764063;0.8794006;0.6092311;0.2365398387424648
54;0.92942655;0.72836006;0.0694736562565797;0.88170624;0.6186945;0.20521068510909876
55;0.930641;0.72958213;0.06894281391675273;0.8733757;0.6164717;0.19707532413303852
56;0.9316386;0.7342287;0.06752121680312687;0.87167966;0.60310435;0.1911928467452526
57;0.9311712;0.7308498;0.0682683492389818;0.8785955;0.60395473;0.22167745471621553
58;0.9339951;0.73943967;0.0647777996957302;0.88362986;0.62462145;0.24209445907423893
59;0.9334034;0.73888314;0.06577813572560748;0.8794998;0.61604434;0.22472082249199352
60;0.9383716;0.75338566;0.06120387269183993;0.8804456;0.62552327;0.22629313133656978
61;0.93626803;0.7476109;0.06292640182914006;0.88012797;0.61593574;0.2150964330881834
62;0.9252111;0.7145332;0.07449375281317366;0.87728935;0.58399636;0.2357858828579386
63;0.93163884;0.7322589;0.06838663761607475;0.87016577;0.59876513;0.182373452372849
64;0.9359556;0.744851;0.06323045157930918;0.88098603;0.62820226;0.2315126646310091
65;0.9419218;0.7663114;0.05727783368072576;0.8844373;0.6236303;0.22093010696892937
66;0.940391;0.761931;0.05844646009306113;0.8836057;0.622815;0.23443981778497497
67;0.94300455;0.76891613;0.056382479642828304;0.88150585;0.6247008;0.2452224959464123
68;0.94033897;0.7631396;0.058815964228577086;0.874057;0.5908251;0.17709859817599258
69;0.9394778;0.7576239;0.05986574787853493;0.8822268;0.6258625;0.2463462358340621
70;0.94307244;0.7681258;0.056638555052793686;0.88169533;0.61925286;0.24535782566914957
71;0.94350094;0.7703149;0.05591919210015072;0.8798284;0.6269264;0.24781388249248265
72;0.94599795;0.77873415;0.05308755190215177;0.8816681;0.62412953;0.23590132283667722
73;0.9445508;0.7735162;0.05503074657171965;0.87761635;0.626181;0.23583261038487155
74;0.9440872;0.7731707;0.05524287089291546;0.8801384;0.62236;0.2493750457962354
75;0.9423563;0.76636326;0.05712371389898989;0.8798091;0.6178237;0.24721197585264842
76;0.9463021;0.7806082;0.0528856652116196;0.8812439;0.62553155;0.24154320893188316
77;0.9491376;0.78823394;0.05061449708624018;0.880439;0.6275292;0.25587127295633155
78;0.9464954;0.78065544;0.05303911573977934;0.8674174;0.6156668;0.21839245387042563
79;0.9419935;0.7640261;0.058143903190890946;0.8724795;0.6200816;0.22969926145548622
80;0.943435;0.7705508;0.05605130007283555;0.88037133;0.61901057;0.2321696414301793
81;0.9471879;0.7818091;0.052494509507798486;0.8822421;0.63071877;0.26433031968772414
82;0.9500528;0.7934894;0.049360334459278316;0.8815;0.62912667;0.2625356233368317
83;0.9522075;0.7987213;0.047329920452709;0.8813474;0.6342737;0.2975113778064648
84;0.95175064;0.7989657;0.047535628861644204;0.881338;0.62810254;0.27950888440633814
85;0.95168793;0.79970473;0.04715431030943162;0.87816083;0.6286144;0.2564838131268819
86;0.9533195;0.8045507;0.04590754099190235;0.8831914;0.6321756;0.2691248088764648
87;0.9523027;0.7999607;0.04708876349549326;0.8825676;0.6330548;0.2774721295262376
88;0.9530564;0.80496824;0.046132963921667804;0.88221514;0.62000823;0.266227558751901
89;0.9530698;0.8032136;0.04612357403255171;0.88149315;0.6412923;0.3053511771994332
90;0.95447;0.8076499;0.04517019112697906;0.8817896;0.6341585;0.2848018171886603
91;0.95327896;0.8040177;0.04614671710878611;0.8826782;0.6357219;0.2856519740074873
92;0.95440185;0.8078292;0.045075230460820924;0.8843989;0.62461334;0.2964353342851003
93;0.9237432;0.71401495;0.07809292113201485;0.87608236;0.588051;0.1924910405650735
94;0.92126024;0.69810104;0.08606754480343726;0.8673777;0.6112736;0.19999233360091845
95;0.9484085;0.7831395;0.05209401794191864;0.88156253;0.6278144;0.259480122787257
96;0.9543782;0.80524945;0.04569502660694222;0.88201267;0.6353008;0.27120462531844775
97;0.955771;0.8101841;0.04414988714270294;0.88165104;0.63501877;0.29601908745244143
98;0.9559105;0.81132084;0.04402235579263005;0.8824328;0.63280934;0.2883722915003697
99;0.95700616;0.81587315;0.0425847618168013;0.8835004;0.6406238;0.28951932151491444
0;0.8956379;0.6099131;0.11731117171131902;0.8815226;0.60528404;0.1758312052115798
1;0.9072726;0.6529336;0.09801691640168428;0.8823662;0.60051095;0.15650293870518606
2;0.917344;0.673316;0.08852095819181865;0.87203294;0.5978808;0.1618692111534377
3;0.9192215;0.6775435;0.08787077276243103;0.8850535;0.5828756;0.16753505980595945
4;0.919907;0.6862958;0.08488386642808715;0.8788277;0.5881237;0.1749493012825648
5;0.9267887;0.70634425;0.07700968882482913;0.8819026;0.61308306;0.18390481894214947
6;0.9303609;0.72114843;0.07180254090991285;0.88100106;0.6137803;0.17891500623275836
7;0.93309844;0.72765875;0.0686586372140381;0.88155466;0.6163569;0.1880242247444888
8;0.9345366;0.73514915;0.06683747944318585;0.8852936;0.62628335;0.2232481097181638
9;0.937026;0.7413969;0.06450344853931003;0.88203937;0.6275652;0.23419733758394917
10;0.9366118;0.7429063;0.06427379729640152;0.88288933;0.6311466;0.212619718691955
11;0.92688876;0.71222794;0.07466766976027026;0.8772491;0.61651266;0.18959115901961923
12;0.9363755;0.739495;0.06490584922333559;0.8837606;0.6263342;0.22018625407169262
13;0.9418782;0.75880396;0.05957882523329722;0.88252;0.62531346;0.22587508441259463
14;0.9436013;0.7625992;0.0577265372292863;0.8842588;0.63784534;0.22688475114603837
15;0.9441042;0.7678807;0.05645793271768424;0.87572354;0.6142147;0.18715263127038875
16;0.9452344;0.7699759;0.05563369228815039;0.8815669;0.6247957;0.2407272990172108
17;0.94592786;0.7732953;0.054579567795412405;0.8824814;0.6302963;0.26962428105374175
18;0.94599617;0.77383363;0.05468214961389701;0.8811541;0.63873935;0.23801426958913605
19;0.9467278;0.77573675;0.05377947287634015;0.8812993;0.630406;0.27316577173769474
20;0.94460475;0.7702093;0.055463187862187624;0.8840324;0.640556;0.2743729637314876
21;0.94951874;0.7860525;0.050525207879642646;0.88566995;0.6417895;0.2897534524401029
22;0.94954824;0.78741556;0.05084703351991872;0.88136876;0.63207763;0.23331975160787502
23;0.94870114;0.7818385;0.05174101059738961;0.8805369;0.62961924;0.2534220648308595
24;0.9514556;0.79166317;0.04896898354507155;0.8842519;0.6397267;0.28684693546965717
25;0.95021564;0.78993773;0.049939259027855266;0.8845088;0.63535154;0.2986391792073846
26;0.94918764;0.78581536;0.05089314599624938;0.8823649;0.6400889;0.2380133394772808
27;0.95127875;0.7919081;0.04938999313550691;0.8803411;0.6262748;0.23438133380065362
28;0.9528224;0.7975162;0.047760042004908125;0.8837087;0.6357059;0.24582729631414016
29;0.9526259;0.7975835;0.04749233182002273;0.88606566;0.63875586;0.2656299955832461
30;0.9522983;0.79708624;0.0478689134069201;0.8830353;0.62637675;0.2489345314912498
31;0.9529059;0.79552895;0.04807903622794482;0.8815493;0.6460715;0.25584201198071244
32;0.9542062;0.8030317;0.04635883171318306;0.88342667;0.634318;0.2768128751156231
33;0.95527226;0.80671954;0.045025359239015315;0.88003796;0.636743;0.2571296594416102
34;0.95577323;0.8074395;0.044443587456933324;0.88364613;0.64629006;0.28400012739002706
35;0.95535445;0.8072469;0.045024730627321534;0.8817088;0.63283026;0.29932616803174217
36;0.94577897;0.7727405;0.055995961071716414;0.8817187;0.64194393;0.28321540852387744
37;0.9553777;0.806635;0.04525082544941041;0.8815264;0.6447402;0.2695075022056699
38;0.9548819;0.80451745;0.04614648028380341;0.8813886;0.63911223;0.25860976508508127
39;0.95803493;0.81714463;0.041894718094004524;0.8820849;0.6460899;0.281935016810894
40;0.95864844;0.8200403;0.041048858252664404;0.8836098;0.6437299;0.312638214447846
41;0.9585413;0.8196717;0.041634990766437514;0.88344675;0.6437428;0.2764253900696834
42;0.9597085;0.8220104;0.040975054376758635;0.88336307;0.6480049;0.2775368196889758
43;0.95874065;0.82034945;0.04154917176088525;0.87989324;0.63826555;0.2361526140011847
44;0.9592585;0.821996;0.040988067884205115;0.88204473;0.6406533;0.3514972177644571
45;0.96005243;0.8239779;0.0401378798039837;0.8845263;0.6419994;0.31120834884544213
46;0.9600442;0.82440305;0.040143015432275005;0.8804451;0.634915;0.2752777226890127
47;0.96132433;0.8284083;0.03885082753582133;0.88177645;0.6435802;0.2926390987820923
48;0.96174335;0.8295919;0.03878625199302203;0.8818265;0.6471986;0.306703978870064
49;0.9616113;0.83086354;0.03828722067798177;0.8825966;0.63996506;0.3101690282424291
50;0.9618309;0.83162814;0.03841756993594269;0.8817673;0.6426798;0.33682275221993524
51;0.95838994;0.8181042;0.04202060401957068;0.87667793;0.64267844;0.2716334886228045
52;0.962664;0.83447224;0.03742196360189054;0.8842486;0.64359874;0.3409991341953476
53;0.96369755;0.8382582;0.03660555605052246;0.8825045;0.6410101;0.35039509839067856
54;0.9624401;0.83417875;0.037640343415033486;0.88046086;0.64660174;0.3088767010097702
55;0.9629755;0.8374798;0.036842082337372836;0.88392156;0.6455783;0.3440133835189044
56;0.9640001;0.8398532;0.03628731752331886;0.88258564;0.64637977;0.2980298521307608
57;0.9632474;0.8367168;0.03718551313504577;0.88239974;0.64350337;0.3018059285047154
58;0.9640602;0.83978593;0.03631140339809159;0.8790988;0.64682674;0.2805307604682942
59;0.9611824;0.8303437;0.03913070291746408;0.8749593;0.5999779;0.271742189489305
60;0.95178276;0.7919582;0.050904659968283444;0.8820005;0.6416563;0.2871981460601091
61;0.96259487;0.8352748;0.03771023370532526;0.88014984;0.63281673;0.31837186496704817
62;0.9650875;0.8436371;0.035181608392546575;0.8830177;0.64714813;0.31163005710889896
63;0.96631116;0.84817266;0.033933419946374166;0.87968725;0.6433152;0.3264302755395571
64;0.96743774;0.8532365;0.03254469896459745;0.8827492;0.64736074;0.36626743522162236
65;0.9667758;0.8511379;0.03346019512456325;0.88074213;0.6451272;0.3326988824332754
66;0.96698684;0.8518398;0.033109469442731805;0.8812386;0.6475061;0.3419319661644598
67;0.96637404;0.84971726;0.033654488974975215;0.8759712;0.64428157;0.31211365225414434
0;0.678709;0.23216295;0.30474068354046535;0.6705372;0.23858644;0.30752822288445064
1;0.6825715;0.23128285;0.3046276128386694;0.6705583;0.23768713;0.3075277081273851
2;0.6825642;0.23040423;0.30456290169367717;0.6705594;0.23702276;0.30754127082370575
3;0.68257153;0.22983548;0.30452345503701106;0.6705595;0.23649386;0.30756050969873155
4;0.682586;0.229397;0.30449971276616294;0.6705595;0.23608881;0.3075801162492661
5;0.6825863;0.22905494;0.30448429773724267;0.6705595;0.23574205;0.3076003287803559
6;0.682586;0.22870718;0.3044750573426958;0.6705595;0.23549412;0.3076167006152017
0;0.6570345;0.23414995;0.3056555671445907;0.68227166;0.23308457;0.30475635826587677
1;0.6786245;0.23329617;0.30558717200680385;0.6822684;0.23249671;0.30471047364530107
2;0.6786794;0.23258078;0.305614455900495;0.682268;0.23208736;0.3046726049411865
3;0.678682;0.23268421;0.30553765579821573;0.6822684;0.23164187;0.30463646099680947
4;0.6786799;0.23215708;0.3055177128882635;0.6822684;0.23123203;0.3045780686821256
5;0.6786825;0.23185165;0.30550352498652444;0.6822684;0.23104501;0.30459731397174655
6;0.6786824;0.23161833;0.30550339518085357;0.6822684;0.23082714;0.30458491975352875
7;0.678683;0.23119272;0.3054938867924705;0.6822684;0.22746561;0.30326051703521184
8;0.6786833;0.23115851;0.30550375032046484;0.6822684;0.23062903;0.3045745267186846
9;0.678683;0.23119071;0.30546853898063536;0.6822684;0.23044473;0.30451455550534384
10;0.67868316;0.23002294;0.3052852755690378;0.6822684;0.2288845;0.3031638843672616
11;0.6786835;0.22790328;0.30437610347119587;0.6822684;0.22828041;0.3015289476371947
12;0.6786709;0.2291271;0.3038709384486789;0.6822684;0.22708963;0.2992102551460266
13;0.67868304;0.23070377;0.3035785735031915;0.6822684;0.23308255;0.30475883512269886
14;0.67868334;0.23250066;0.3044745217334657;0.6822684;0.1926519;0.3241366197239785
15;0.67868257;0.23287407;0.30511330642397444;0.6822684;0.23260835;0.304722482193084
16;0.6786836;0.2330051;0.3055639267630047;0.6822684;0.2320753;0.30467159015791756
17;0.678683;0.23254958;0.3055362050968503;0.6822684;0.23163469;0.3046360102437791
18;0.67868316;0.23223945;0.3055192704238589;0.6822684;0.23130848;0.30461344489029474
19;0.6786839;0.23182838;0.3055089570321734;0.6822684;0.23105389;0.304597987419083
20;0.6786835;0.23169483;0.3055019743385769;0.6822684;0.2307921;0.3045841650168101
21;0.67868286;0.23140429;0.30549930370043193;0.6822684;0.23065522;0.30457770798887523
22;0.67868304;0.23132956;0.3054966953160271;0.6822684;0.23052764;0.30457218107723055
23;0.67868316;0.23104231;0.30549545348636686;0.6822684;0.23046352;0.3045696078311829
24;0.6786836;0.23102723;0.30549443070850674;0.6822684;0.23036845;0.3045660137562525
25;0.6786834;0.23095633;0.30549360613974313;0.6822684;0.23033412;0.3045647518407731
0;0.6789002;0.23069546;0.3054372332777296;0.6822684;0.23025805;0.3045621177979878
1;0.67889917;0.23063856;0.3054371210317763;0.6822684;0.23017386;0.30455939108417146
2;0.67889977;0.23058346;0.3054371660474747;0.6822684;0.23013638;0.30455826010022846
3;0.67889905;0.23036921;0.30543641377063024;0.6822684;0.23013183;0.30455810089906055
4;0.678899;0.23048173;0.3054370282282905;0.6822684;0.23010682;0.3045573732398805
5;0.6788983;0.23030998;0.3054368026956679;0.6822684;0.23010702;0.30455739872796195
6;0.67889863;0.23040023;0.3054379520908235;0.6822684;0.23009163;0.3045569305192857
7;0.6788988;0.23038661;0.3054369658042514;0.6822684;0.23006889;0.3045563012361526
8;0.6788986;0.23035456;0.30543706781334345;0.6822684;0.23004235;0.304555550473077
9;0.6788985;0.23033886;0.3054370114065352;0.6822684;0.23007931;0.304556565455028
10;0.67889875;0.23037109;0.30543725489623963;0.6822684;0.2300512;0.3045557874157315
11;0.67889905;0.2303495;0.3054366965710171;0.6822684;0.23005787;0.30455600613639466
12;0.6788988;0.23028764;0.3054372978588891;0.6822684;0.2300683;0.3045562932604835
13;0.6788989;0.23041902;0.30543694351400646;0.6822684;0.23006122;0.30455609100205555
14;0.67889863;0.2304175;0.30543627952772473;0.6822684;0.23002389;0.3045550687540145
15;0.67889875;0.23038821;0.3054371848560515;0.6822684;0.23001646;0.3045548742441904
16;0.6788991;0.2303287;0.3054368120053458;0.6822684;0.2300068;0.304554637500218
17;0.6788989;0.23035899;0.30543722001333085;0.6822684;0.23001276;0.3045547872497922
18;0.67889917;0.23042004;0.3054362615233376;0.6822684;0.22999515;0.30455431977907815
19;0.67889833;0.23032299;0.3054375150563225;0.6822684;0.22999188;0.3045542309397743
20;0.6788985;0.2304068;0.3054369488878856;0.6822684;0.23000123;0.3045544890846525
21;0.6788988;0.23025079;0.30543697658039276;0.6822684;0.23000975;0.30455468680177417
22;0.67889905;0.23022358;0.3054372086411431;0.6822684;0.23002538;0.3045551083769117
23;0.678899;0.2303255;0.30543651940330624;0.6822684;0.23005356;0.3045558537755694
24;0.67889863;0.23027675;0.305437354880666;0.6822684;0.23005548;0.3045559218667802
25;0.6788994;0.23037958;0.3054373615980148;0.6822684;0.23006849;0.3045562887759436
0;0.63675725;0.22986172;0.30047311186790465;0.65900016;0.24341884;0.30674800475438435
0;0.6666685;0.23094228;0.33119469781716665;0.68650335;0.22692747;0.31989588439464567
1;0.6781851;0.22945894;0.3531135434905688;0.6919052;0.22668612;0.31963685899972916
2;0.68505806;0.22797062;0.3205577393372854;0.6920105;0.22648697;0.3194813147187233
3;0.6850729;0.22776788;0.32041308532158536;0.69203264;0.22627962;0.3193221688270569
4;0.6850792;0.22757311;0.3202653333544731;0.69204485;0.22606876;0.31916137635707853
5;0.68508285;0.22733864;0.3201182285944621;0.6920512;0.22585773;0.31900240778923034
6;0.68508554;0.22712322;0.31997278779745103;0.69205374;0.22564729;0.3188452377915382
7;0.6850875;0.22689225;0.3198288415869077;0.692055;0.22543652;0.31868953853845594
8;0.6850881;0.22667652;0.3196869467695554;0.6920578;0.22522464;0.3185351133346558
9;0.6850901;0.22645812;0.3195455938577652;0.6920588;0.2250127;0.3183827310800552
10;0.68509156;0.22625044;0.31940687745809554;0.6920598;0.22480111;0.31823184341192245
11;0.68509215;0.22601268;0.3192699685692787;0.6920601;0.22459085;0.3180839329957962
12;0.68509233;0.2257786;0.319135527809461;0.6920624;0.22438085;0.3179382115602493
13;0.6850936;0.22558744;0.3190033475557963;0.692057;0.22417262;0.31779418140649796
14;0.67569065;0.22547287;0.3195900748173396;0.69201434;0.2239641;0.3176518201828003
15;0.6850697;0.22513492;0.3187436526020368;0.69201255;0.22375917;0.3175129801034927
16;0.685071;0.22492181;0.31861771990855536;0.69204175;0.22355433;0.31737503260374067
17;0.6850225;0.22469662;0.3184978887438774;0.69206315;0.22334602;0.317241470515728
18;0.68513167;0.2244997;0.31837131530046464;0.692082;0.22315359;0.31710601449012754
19;0.6850675;0.2243009;0.31825210998455683;0.6921252;0.2229527;0.316975499689579
20;0.6851303;0.22405176;0.31813505391279856;0.6921369;0.22275102;0.31684898734092715
21;0.685196;0.22388874;0.3180147851506869;0.691348;0.2226179;0.31673196852207186
22;0.6766936;0.22447199;0.5250979473193487;0.69206417;0.22232422;0.3165952697396278
23;0.6850933;0.22341546;0.3177941625316938;0.69206417;0.22213128;0.3164770931005478
24;0.6850933;0.22321391;0.31768905768791833;0.69206417;0.22193913;0.3163610711693764
25;0.6850933;0.22302818;0.317585260172685;0.69206417;0.22174835;0.31624721437692643
0;0.6837887;0.22284694;0.3177258655428886;0.69206417;0.22156355;0.31613802909851074
1;0.6837887;0.2226782;0.31763032724459966;0.69206417;0.22137956;0.31603080928325655
2;0.6837887;0.22246262;0.3175370569030444;0.69206417;0.2211976;0.31592570543289183
3;0.6837887;0.22227992;0.31744563231865564;0.69206417;0.22101697;0.3158226519823074
4;0.6837887;0.2220731;0.3173559536536535;0.69206417;0.22083834;0.315721820294857
5;0.6837887;0.22189902;0.31726839194695156;0.69206417;0.22066104;0.3156227871775627
6;0.6837887;0.22171038;0.31718310912450154;0.69206417;0.22048502;0.3155257895588875
7;0.6837887;0.22149451;0.31709926227728524;0.69206417;0.22031164;0.3154310703277588
8;0.6837887;0.22132817;0.3170170937975248;0.69206417;0.2201397;0.31533832401037215
9;0.6837887;0.22116524;0.3169368103146553;0.69206417;0.21996851;0.3152470767498016
10;0.6837887;0.22097547;0.3168585514028867;0.69206417;0.21979928;0.31515763252973555
11;0.6837887;0.22081819;0.3167814960082372;0.69206417;0.21963087;0.3150698870420456
12;0.6837887;0.22061664;0.31670599232117336;0.69206417;0.21946509;0.3149841666221619
13;0.6837887;0.22045068;0.3166323333978653;0.69206417;0.21929953;0.3148997396230698
14;0.6837887;0.22029059;0.31656005134185156;0.69206417;0.21913552;0.31481688320636747
15;0.6837887;0.22012049;0.3164890130360921;0.69206417;0.2189724;0.31473559737205503
16;0.6837887;0.21995936;0.3164198949933052;0.69206417;0.21881104;0.31465566754341123
17;0.6837887;0.21975462;0.31635206888119377;0.69206417;0.21865077;0.3145777150988579
18;0.6837887;0.21958508;0.3162857433160146;0.69206417;0.21849188;0.3145011574029922
19;0.6837887;0.21942466;0.31622072011232377;0.69206417;0.21833532;0.31442617177963256
20;0.6837887;0.21928053;0.31615689396858215;0.69206417;0.21817967;0.3143526315689087
21;0.6837887;0.21911232;0.31609455198049546;0.69206417;0.21802509;0.3142804533243179
22;0.6837887;0.21894605;0.3160343810915947;0.69206417;0.2178719;0.3142097324132919
23;0.6837887;0.21878497;0.31597436517477034;0.69206417;0.2177201;0.31414049565792085
24;0.6837887;0.21862145;0.3159161567687988;0.69206417;0.21757051;0.3140726208686829
25;0.6837887;0.21847174;0.3158591618140539;0.69206417;0.21742122;0.3140061110258102
0;0.2563363;0.18625617;0.23653246983885765;0.31560695;0.2417222;0.26225157553950945
1;0.23804058;0.18873796;0.23590018823742867;0.31560695;0.24472572;0.26001572410265605
2;0.23804058;0.18925205;0.23582022049360804;0.31560695;0.2463533;0.25890361989537874
3;0.23804058;0.19059165;0.23569733773668608;0.31560695;0.2441025;0.26046046167612075
4;0.23804058;0.18876363;0.23576076179742814;0.31560695;0.24732015;0.25827782874306043
5;0.23804058;0.19051751;0.23579666076434982;0.31560695;0.24512476;0.25973639264702797
6;0.23804058;0.18896464;0.23573875890837775;0.31560695;0.24781543;0.25796757141749066
7;0.23804058;0.19027327;0.23579466640949248;0.31560695;0.2462358;0.25898147324721016
8;0.23804058;0.1894942;0.2358270655075709;0.31560695;0.24708922;0.2584248450895151
9;0.23804058;0.18975744;0.23583815950486395;0.31560695;0.24704178;0.2584552340209484
10;0.23804058;0.1915875;0.23560001353422802;0.31560695;0.2416392;0.2623165855805079
11;0.23804058;0.18828075;0.2358734225233396;0.31560695;0.24627616;0.25895465860764183
12;0.23804058;0.18968584;0.23584309907423126;0.31560695;0.24648933;0.2588139623403549
13;0.23804058;0.19044496;0.23582099974155427;0.31560695;0.24447115;0.26019611457983655
14;0.23804058;0.18985082;0.23578507031003634;0.31560695;0.24438092;0.2602604918181896
15;0.23804058;0.18875122;0.2357584589885341;0.31560695;0.24767442;0.2580551852782567
16;0.23804058;0.18991682;0.23578057711323103;0.31560695;0.24740331;0.25822520777583124
17;0.23804058;0.1904583;0.2357761145465904;0.31560695;0.24536078;0.2595732236901919
18;0.23804058;0.1898504;0.23583361249830986;0.31560695;0.24503641;0.2597978159785271
19;0.23804058;0.18878219;0.23573988841639626;0.31560695;0.24824734;0.2577028344074885
20;0.23804058;0.19106658;0.2358063788049751;0.31560695;0.24430719;0.260313189526399
21;0.23804058;0.1894282;0.2358475361433294;0.31560695;0.24536969;0.2595670099059741
22;0.23804058;0.1896144;0.23584744036197663;0.31560695;0.24585009;0.25923964207371075
23;0.23804058;0.1898027;0.23582719357477294;0.31560695;0.24571562;0.25933067724108694
24;0.23804058;0.18998893;0.23580960258841516;0.31560695;0.24507412;0.2597715936601162
25;0.23804058;0.18945369;0.23580039822392992;0.31560695;0.2460785;0.25908628553152085
26;0.23804058;0.19095711;0.235701934248209;0.31560695;0.24269456;0.26150245120127996
27;0.23804058;0.18875374;0.2358794052567747;0.31560695;0.24581294;0.2592647907634576
28;0.23804058;0.18938757;0.23576434759630097;0.31560695;0.24702305;0.25846726273496945
29;0.23804058;0.18982437;0.23576329689886835;0.31560695;0.24686578;0.2585686308642228
30;0.23804058;0.18963869;0.23583013067642847;0.31560695;0.24724747;0.2583239383995533
31;0.23804058;0.19106959;0.23576239206724697;0.31560695;0.24332188;0.26103185589114825
0;0.2526997;0.19718526;0.24018059364623492;0.31560695;0.2515537;0.25586301113168397
1;0.2526997;0.20212685;0.2398831427925163;0.31560695;0.24657916;0.2587551017602285
2;0.2526997;0.19857973;0.24004852283332084;0.31560695;0.25067022;0.25632139345010124
3;0.2526997;0.20061103;0.24016981638140147;0.31560695;0.24911818;0.2571857526898384
4;0.2526997;0.19911882;0.24008957271774609;0.31560695;0.2515908;0.25584436977903047
5;0.2526997;0.20062627;0.24013686320847935;0.31560695;0.25012526;0.2566164125998815
6;0.2526997;0.19964881;0.24010573907030952;0.31560695;0.25109586;0.25609746724367144
7;0.2526997;0.19940843;0.24004974654979175;0.31560695;0.25281897;0.25525088161230086
8;0.2526997;0.20111857;0.24009531752930746;0.31560695;0.2501281;0.25661485865712164
9;0.2526997;0.19883567;0.24000061079859733;0.31560695;0.25323644;0.25506058062116305
10;0.2526997;0.2022037;0.2400218519071738;0.31560695;0.24822973;0.25771349743008615
11;0.2526997;0.19984266;0.2401080576909913;0.31560695;0.24879381;0.2573757576445738
12;0.2526997;0.19996873;0.24014166361755795;0.31560695;0.24903005;0.25723708992203076
13;0.2526997;0.20091474;0.24002054325408406;0.31560695;0.24716987;0.2583733546237151
14;0.2526997;0.19937555;0.2401598583492968;0.31560695;0.24886401;0.25733436246713004
15;0.2526997;0.1998589;0.24015801813867357;0.31560695;0.24935342;0.25705000559488933
16;0.2526997;0.19934112;0.24008851622541746;0.31560695;0.25117502;0.2560564522941907
17;0.2526997;0.2008537;0.24012925169534152;0.31560695;0.24925666;0.25710569048921267
18;0.2526997;0.20091279;0.2400063435236613;0.31560695;0.24739026;0.25823347369829813
19;0.2526997;0.19972555;0.240159779207574;0.31560695;0.24828796;0.25767821942766506
20;0.2526997;0.19934681;0.24014828610751365;0.31560695;0.25002316;0.2566727454463641
21;0.2526997;0.20007202;0.2401156580282582;0.31560695;0.24997093;0.25670164624849956
22;0.2526997;0.19958718;0.240061766654253;0.31560695;0.25110635;0.2560920516649882
23;0.2526997;0.20126644;0.2400783297088411;0.31560695;0.24832334;0.2576567895710468
24;0.2526997;0.2006222;0.24008324088321792;0.31560695;0.24701528;0.2584723003208637
25;0.2526997;0.19792812;0.2399561018579536;0.31560695;0.25244406;0.25542678162455557
26;0.2526997;0.20210122;0.23995927572250367;0.31560695;0.24777147;0.2579948698480924
27;0.2526997;0.19967736;0.2401623260643747;0.31560695;0.24863276;0.25747122888763746
28;0.2526997;0.20038618;0.2401245524485906;0.31560695;0.24791239;0.25790764366587005
29;0.2526997;0.1994931;0.24016355342335172;0.31560695;0.24926494;0.2571009027461211
30;0.2526997;0.20127659;0.23996581724948354;0.31560695;0.24650249;0.25880534052848814
31;0.2526997;0.199269;0.24017870467570093;0.31560695;0.24848488;0.257559551546971
32;0.2526997;0.1994679;0.240139174544149;0.31560695;0.24996634;0.25670418416460355
0;0.36258334;0.23298456;0.24174531681670083;0.31560695;0.23775263;0.23592713624238967
1;0.31690133;0.23796658;0.23293675068351957;0.31560695;0.24192348;0.22867015649875005
2;0.31690133;0.24212006;0.22594604508744345;0.31560695;0.24590011;0.2219662720958392
3;0.31690133;0.24605128;0.21956391284863155;0.31560695;0.24956018;0.21599723349014918
4;0.31690133;0.24968182;0.21386221216784584;0.31560695;0.25295556;0.21064935475587845
5;0.31690133;0.25303525;0.20878115776512357;0.31560695;0.25600493;0.2060158868630727
6;0.31690133;0.25612074;0.2043018748362859;0.31560695;0.25890994;0.2017656390865644
7;0.31690133;0.25895035;0.20033487147755094;0.31560695;0.26154226;0.1980666031440099
8;0.31690133;0.2615578;0.19683881402015685;0.31560695;0.26392576;0.19485158622264862
9;0.31690133;0.2639311;0.19376875542932087;0.31560695;0.266165;0.1919604221979777
10;0.31690133;0.26615638;0.1910718869831827;0.31560695;0.2681716;0.18948507259289424
11;0.31690133;0.26812577;0.18869448403517405;0.31560695;0.269981;0.18735281030337017
12;0.31690133;0.27000794;0.18663579026858013;0.31560695;0.27172947;0.1853912686308225
13;0.31690133;0.27172488;0.18483705073595047;0.31560695;0.2733377;0.18367930352687836
14;0.31690133;0.2732597;0.18325713773568472;0.31560695;0.2746838;0.1823194627960523
15;0.31690133;0.2746578;0.18190574960576164;0.31560695;0.27601913;0.18104050308465958
16;0.31690133;0.27597564;0.18072209590011173;0.31560695;0.27723312;0.1799438178539276
17;0.31690133;0.2771788;0.17969865451256434;0.31560695;0.27830085;0.1790324995915095
18;0.31690133;0.27824882;0.1788137949175305;0.31560695;0.27932027;0.17821388791004816
19;0.31690133;0.2792634;0.1780474838283327;0.31560695;0.28021833;0.1775353064139684
20;0.31690133;0.2802022;0.1773941511909167;0.31560695;0.28107828;0.1769256889820099
21;0.31690133;0.28102994;0.17682909700605604;0.31560695;0.28189772;0.17638214925924936
22;0.31690133;0.28181309;0.176338277094894;0.31560695;0.28255165;0.17597628086805345
23;0.31690133;0.282519;0.17592066476742427;0.31560695;0.28320372;0.1755983089407285
24;0.31690133;0.2831426;0.1755592026644283;0.31560695;0.28381285;0.17526886810859044
25;0.31690133;0.28375533;0.17525288346740936;0.31560695;0.2843773;0.1749853730201721
26;0.31690133;0.28433213;0.17498923788468043;0.31560695;0.28487334;0.17475471446911495
27;0.31690133;0.28482097;0.17476385285456975;0.31560695;0.2853121;0.17456450164318085
28;0.31690133;0.28529933;0.17457708368698757;0.31560695;0.2857898;0.1743730107943217
29;0.31690133;0.28568336;0.17441177550289366;0.31560695;0.28613806;0.1742441972096761
30;0.31690133;0.286103;0.17427054676744674;0.31560695;0.2865204;0.17411359200874965
31;0.31690133;0.28645584;0.17415364450878568;0.31560695;0.28685275;0.17400961816310884
32;0.31690133;0.28678232;0.1740560112728013;0.31560695;0.28712082;0.1739319384098053
33;0.31690133;0.2871096;0.17397042413552602;0.31560695;0.2874282;0.17385043154160182
34;0.31690133;0.28734732;0.17389952540397643;0.31560695;0.28767985;0.1737894520163536
35;0.31690133;0.28766018;0.17384105142619874;0.31560695;0.28789;0.17374266286691029
36;0.31690133;0.28789687;0.17379405813084708;0.31560695;0.2881557;0.17368886818488438
37;0.31690133;0.28806153;0.17374480449491078;0.31560695;0.2883062;0.17366129159927368
38;0.31690133;0.28831086;0.17371991591321098;0.31560695;0.2885143;0.17362640351057052
39;0.31690133;0.28842518;0.17368398358424506;0.31560695;0.28867337;0.1736024136344592
40;0.31690133;0.28861243;0.173659990562333;0.31560695;0.28881067;0.1735834687948227
41;0.31690133;0.28877607;0.17363493492205936;0.31560695;0.28895408;0.1735656882325808
42;0.31690133;0.2889263;0.17361993806229697;0.31560695;0.28908813;0.17355073640743893
43;0.31690133;0.28904796;0.17360730204317304;0.31560695;0.28921273;0.17353837192058563
44;0.31690133;0.28911087;0.1735942126976119;0.31560695;0.28924042;0.17353580246369044
45;0.31690133;0.28924534;0.17358119438091915;0.31560695;0.28938925;0.17352337191502254
46;0.31690133;0.28932935;0.17357362823353872;0.31560695;0.28947592;0.17351713081200917
47;0.31690133;0.28946105;0.17356822705931133;0.31560695;0.2895818;0.17351052314043044
48;0.31690133;0.289485;0.1735644737879435;0.31560695;0.28958413;0.17351039946079255
49;0.31690133;0.28955814;0.1735598646932178;0.31560695;0.2897163;0.1735036720832189
50;0.31690133;0.28969055;0.17355495906538435;0.31560695;0.28978613;0.17350086669127146
51;0.31690133;0.28970644;0.17355003191365137;0.31560695;0.28979555;0.17350049416224161
52;0.31690133;0.28982833;0.1735532542069753;0.31560695;0.28988603;0.1734976624449094
53;0.31690133;0.28982085;0.1735458258125517;0.31560695;0.28992513;0.17349668592214584
54;0.31690133;0.2897929;0.17354852159818013;0.31560695;0.28992337;0.17349670181671778
55;0.31690133;0.28982154;0.17354508555597728;0.31560695;0.28994182;0.17349629749854406
56;0.31690133;0.28992483;0.17354092929098341;0.31560695;0.28998244;0.17349550525347393
57;0.31690133;0.28993097;0.17354440606302685;0.31560695;0.29001385;0.17349503884712855
58;0.31690133;0.28994507;0.17354347142908308;0.31560695;0.29007906;0.1734943484266599
59;0.31690133;0.28998548;0.17354051768779755;0.31560695;0.2900568;0.17349452326695125
60;0.31690133;0.29004857;0.1735402880443467;0.31560695;0.2901103;0.17349416116873423
61;0.31690133;0.29008633;0.17354498770501878;0.31560695;0.2901751;0.17349408219257992
62;0.31690133;0.29004925;0.173547506166829;0.31560695;0.29007906;0.1734943504134814
63;0.31690133;0.29013506;0.173539703587691;0.31560695;0.29016906;0.17349404941002528
64;0.31690133;0.29014486;0.1735437434580591;0.31560695;0.29015458;0.17349405586719513
65;0.31690133;0.29018408;0.17354067398442163;0.31560695;0.2902213;0.17349432408809662
66;0.31690133;0.29013076;0.17353715499242148;0.31560695;0.29018515;0.17349409808715185
67;0.31690133;0.2900758;0.17354487197266685;0.31560695;0.29016027;0.17349407921234766
68;0.31690133;0.2901731;0.17353935937086742;0.31560695;0.29020876;0.17349423468112946
69;0.31690133;0.2901198;0.17353859328561358;0.31560695;0.29020327;0.17349417756001154
70;0.31690133;0.29014438;0.17353669123517143;0.31560695;0.290217;0.17349426100651424
71;0.31690133;0.2902694;0.1735459526379903;0.31560695;0.29025736;0.17349463750918706
72;0.31690133;0.2902398;0.17353642748461828;0.31560695;0.2902467;0.17349450985590617
0;0.31768656;0.2904747;0.1735648857222663;0.31560695;0.29021418;0.17349422971407572
1;0.31768656;0.29052746;0.17355864544709523;0.31560695;0.290274;0.1734948088725408
2;0.31768656;0.29056898;0.17356560793187883;0.31560695;0.2902936;0.1734950785835584
3;0.31768656;0.29066476;0.17356547365585964;0.31560695;0.2903475;0.17349604467550914
4;0.31768656;0.29061943;0.17356650763087803;0.31560695;0.290314;0.17349542280038197
5;0.31768656;0.29061544;0.17356190979480743;0.31560695;0.29033327;0.17349572032690047
6;0.31768656;0.29059422;0.17356004565954208;0.31560695;0.29031077;0.17349533885717391
0;0.33535013;0.30366722;-0.44840136766433714;0.29148915;0.28564793;-0.42785716280341146
1;0.33037898;0.32571474;-0.4712206542491913;0.29148915;0.28929698;-0.4316935159265995
2;0.33037898;0.32826596;-0.4736563444137573;0.29148915;0.29028833;-0.4327297188341618
3;0.33037898;0.329119;-0.47447437544663745;0.29148915;0.29071456;-0.43317449614405634
4;0.33037898;0.3295192;-0.4748624806602796;0.29148915;0.2909394;-0.4334088183939457
5;0.33037898;0.3297528;-0.4750822087128957;0.29148915;0.29107642;-0.43355158939957616
6;0.33037898;0.32989642;-0.47522048354148866;0.29148915;0.29116723;-0.4336463451385498
7;0.33037898;0.3299963;-0.4753141944607099;0.29148915;0.2912292;-0.4337107248604298
8;0.33037898;0.3300666;-0.4753810117642085;0.29148915;0.291275;-0.4337584562599659
9;0.33037898;0.33011857;-0.47543036142985023;0.29148915;0.2913093;-0.43379406854510305
10;0.33037898;0.3301589;-0.4754682833949725;0.29148915;0.29133597;-0.4338218607008457
11;0.33037898;0.33019006;-0.47549812371532124;0.29148915;0.2913581;-0.4338450446724892
12;0.33037898;0.33021516;-0.47552193999290465;0.29148915;0.2913752;-0.43386277332901957
13;0.33037898;0.3302359;-0.4755413971841335;0.29148915;0.29138944;-0.43387760147452353
14;0.33037898;0.33025274;-0.47555752048889793;0.29148915;0.2914004;-0.43388896360993384
15;0.33037898;0.33026698;-0.47557104254762333;0.29148915;0.29141122;-0.4339002102613449
16;0.33037898;0.3302789;-0.4755825554331144;0.29148915;0.2914203;-0.4339097701013088
17;0.33037898;0.3302894;-0.47559240634242694;0.29148915;0.29142708;-0.4339167959988117
18;0.33037898;0.33029822;-0.4756008893251419;0.29148915;0.29143345;-0.4339234299957752
19;0.33037898;0.33030605;-0.47560837616523105;0.29148915;0.29143986;-0.4339302308857441
20;0.33037898;0.33031294;-0.47561482762296997;0.29148915;0.2914431;-0.43393339589238167
21;0.33037898;0.33031878;-0.47562037656704587;0.29148915;0.2914489;-0.4339395396411419
22;0.33037898;0.33032432;-0.4756255574524403;0.29148915;0.2914518;-0.43394246101379397
23;0.33037898;0.33032894;-0.4756300295392672;0.29148915;0.2914555;-0.4339463338255882
24;0.33037898;0.3303333;-0.4756340779364109;0.29148915;0.29145864;-0.43394955769181254
25;0.33037898;0.33033714;-0.4756377754112085;0.29148915;0.2914608;-0.4339518196880817
26;0.33037898;0.33034056;-0.47564102013905846;0.29148915;0.29146427;-0.43395555540919306
27;0.33037898;0.3303437;-0.4756439963976542;0.29148915;0.29146573;-0.43395693227648735
28;0.33037898;0.33034658;-0.475646702448527;0.29148915;0.29146838;-0.4339597590267658
0;0.3087399;0.3083552;-0.4470349000559913;0.32946497;0.32947522;-0.47980191111564635
1;0.31189415;0.31190467;-0.44979929112725786;0.32946497;0.32947522;-0.47980191111564635
2;0.31189415;0.3119046;-0.44979928996827867;0.32946497;0.32947522;-0.47980191111564635
3;0.31189415;0.31190464;-0.44979929162396326;0.32946497;0.32947522;-0.47980191111564635
4;0.31189415;0.3119046;-0.4497992894715733;0.32946497;0.32947522;-0.47980191111564635
5;0.31189415;0.31190458;-0.44979929361078475;0.32946497;0.32947522;-0.47980191111564635
6;0.31189415;0.31190464;-0.4497992949353324;0.32946497;0.32947522;-0.47980191111564635
7;0.31189415;0.3119045;-0.4497992914583948;0.32946497;0.32947522;-0.47980191111564635
8;0.31189415;0.3119046;-0.4497992905477683;0.32946497;0.32947522;-0.47980191111564635
9;0.31189415;0.3119046;-0.4497992903821998;0.32946497;0.32947522;-0.47980191111564635
10;0.31189415;0.31190467;-0.4497992901338471;0.32946497;0.32947522;-0.47980191111564635
0;0.31613168;0.30436093;-0.45103156367937725;0.30441463;0.30299893;-0.446933726221323
1;0.31564018;0.3147425;-0.46208106809192234;0.30441463;0.30388084;-0.4478237534562747
2;0.31564018;0.31522432;-0.46257827882137564;0.30441463;0.30413085;-0.4480757584174474
3;0.31564018;0.31540143;-0.4627497715668546;0.30441463;0.30423293;-0.4481784336268902
4;0.31564018;0.3154829;-0.4628320066879193;0.30441463;0.30429164;-0.4482376473645369
5;0.31564018;0.31552866;-0.4628788052747647;0.30441463;0.30432627;-0.44827255060275395
6;0.31564018;0.31555867;-0.4629082045621342;0.30441463;0.30434865;-0.4482950280110041
7;0.31564018;0.31557843;-0.4629280659887526;0.30441463;0.30436423;-0.4483107805252075
8;0.31564018;0.3155925;-0.46294216658506127;0.30441463;0.30437568;-0.44832224274675053
9;0.31564018;0.31560296;-0.46295258870555295;0.30441463;0.3043842;-0.4483307788769404
10;0.31564018;0.3156108;-0.46296052667829724;0.30441463;0.30439088;-0.44833754375576973
11;0.31564018;0.31561714;-0.4629667256855302;0.30441463;0.30439597;-0.4483426896234353
12;0.31564018;0.31562215;-0.46297165751457214;0.30441463;0.3044003;-0.44834700375795367
13;0.31564018;0.3156262;-0.46297566153936914;0.30441463;0.30440372;-0.4483504461745421
14;0.31564018;0.31562948;-0.46297894186443755;0.30441463;0.30440652;-0.44835335661967596
15;0.31564018;0.31563208;-0.46298166426519555;0.30441463;0.30440894;-0.4483557159701983
16;0.31564018;0.3156343;-0.46298395469784737;0.30441463;0.30441087;-0.44835767671465876
17;0.31564018;0.31563646;-0.46298588684035674;0.30441463;0.30441263;-0.44835942263404527
18;0.31564018;0.31563804;-0.4629875438908736;0.30441463;0.30441406;-0.448360895862182
19;0.31564018;0.31563938;-0.46298897001478406;0.30441463;0.30441532;-0.44836215376853944
20;0.31564018;0.3156407;-0.46299020267195173;0.30441463;0.3044164;-0.44836324006319045
21;0.31564018;0.3156418;-0.4629912776665555;0.30441463;0.30441728;-0.4483641189833482
22;0.31564018;0.31564268;-0.4629922140803602;0.30441463;0.30441812;-0.44836498449246087
23;0.31564018;0.31564343;-0.462993036583066;0.30441463;0.30441895;-0.44836579312880837
24;0.31564018;0.31564435;-0.46299376020001043;0.30441463;0.30441955;-0.4483664487799009
25;0.31564018;0.31564495;-0.46299440215031307;0.30441463;0.30442017;-0.4483670063316822
26;0.31564018;0.3156455;-0.462994967152675;0.30441463;0.30442062;-0.44836753482619923
27;0.31564018;0.315646;-0.4629954758617613;0.30441463;0.30442098;-0.44836788401007655
0;0.3180793;0.31396928;-0.46057284362614154;0.32946497;0.32947522;-0.479801906272769
1;0.3141154;0.31412584;-0.4607975752403339;0.32946497;0.32947522;-0.479801906272769
2;0.3141154;0.31412584;-0.4607975752403339;0.32946497;0.32947522;-0.479801906272769
3;0.3141154;0.3141258;-0.4607975752403339;0.32946497;0.32947522;-0.479801906272769
4;0.3141154;0.31412575;-0.4607975752403339;0.32946497;0.32947522;-0.479801906272769
5;0.3141154;0.3141258;-0.4607975752403339;0.32946497;0.32947522;-0.479801906272769
6;0.3141154;0.3141258;-0.4607975752403339;0.32946497;0.32947522;-0.479801906272769
7;0.3141154;0.3141258;-0.4607975752403339;0.32946497;0.32947522;-0.479801906272769
8;0.3141154;0.31412587;-0.4607975752403339;0.32946497;0.32947522;-0.479801906272769
9;0.3141154;0.3141258;-0.4607975752403339;0.32946497;0.32947522;-0.479801906272769
10;0.3141154;0.31412587;-0.4607975752403339;0.32946497;0.32947522;-0.479801906272769
11;0.3141154;0.3141259;-0.4607975752403339;0.32946497;0.32947522;-0.479801906272769
12;0.3141154;0.31412584;-0.4607975752403339;0.32946497;0.32947522;-0.479801906272769
13;0.3141154;0.31412584;-0.4607975752403339;0.32946497;0.32947522;-0.479801906272769
14;0.3141154;0.31412584;-0.4607975752403339;0.32946497;0.32947522;-0.479801906272769
15;0.3141154;0.31412584;-0.4607975752403339;0.32946497;0.32947522;-0.479801906272769
16;0.3141154;0.3141259;-0.4607975752403339;0.32946497;0.32947522;-0.479801906272769
17;0.3141154;0.31412584;-0.4607975752403339;0.32946497;0.32947522;-0.479801906272769
18;0.3141154;0.3141258;-0.4607975752403339;0.32946497;0.32947522;-0.479801906272769
19;0.3141154;0.3141258;-0.4607975752403339;0.32946497;0.32947522;-0.479801906272769
20;0.3141154;0.31412578;-0.4607975752403339;0.32946497;0.32947522;-0.479801906272769
21;0.3141154;0.31412584;-0.4607975752403339;0.32946497;0.32947522;-0.479801906272769
22;0.3141154;0.31412584;-0.4607975752403339;0.32946497;0.32947522;-0.479801906272769
23;0.3141154;0.31412578;-0.4607975752403339;0.32946497;0.32947522;-0.479801906272769
24;0.3141154;0.3141258;-0.4607975752403339;0.32946497;0.32947522;-0.479801906272769
25;0.3141154;0.31412593;-0.4607975752403339;0.32946497;0.32947522;-0.479801906272769
0;0.3082634;0.30823883;-0.4545823651055495;0.32946497;0.32947522;-0.479801906272769
1;0.3082429;0.3082534;-0.45460633378889825;0.32946497;0.32947522;-0.479801906272769
2;0.3082429;0.30825335;-0.45460633378889825;0.32946497;0.32947522;-0.479801906272769
3;0.3082429;0.3082534;-0.45460633378889825;0.32946497;0.32947522;-0.479801906272769
4;0.3082429;0.30825347;-0.45460633378889825;0.32946497;0.32947522;-0.479801906272769
5;0.3082429;0.30825332;-0.45460633378889825;0.32946497;0.32947522;-0.479801906272769
6;0.3082429;0.30825347;-0.45460633378889825;0.32946497;0.32947522;-0.479801906272769
7;0.3082429;0.3082534;-0.45460633378889825;0.32946497;0.32947522;-0.479801906272769
8;0.3082429;0.30825338;-0.45460633378889825;0.32946497;0.32947522;-0.479801906272769
9;0.3082429;0.30825326;-0.45460633378889825;0.32946497;0.32947522;-0.479801906272769
10;0.3082429;0.30825344;-0.45460633378889825;0.32946497;0.32947522;-0.479801906272769
11;0.3082429;0.30825335;-0.45460633378889825;0.32946497;0.32947522;-0.479801906272769
12;0.3082429;0.3082534;-0.45460633378889825;0.32946497;0.32947522;-0.479801906272769
13;0.3082429;0.3082534;-0.45460633378889825;0.32946497;0.32947522;-0.479801906272769
14;0.3082429;0.3082534;-0.45460633378889825;0.32946497;0.32947522;-0.479801906272769
15;0.3082429;0.30825347;-0.45460633378889825;0.32946497;0.32947522;-0.479801906272769
16;0.3082429;0.30825332;-0.45460633378889825;0.32946497;0.32947522;-0.479801906272769
17;0.3082429;0.3082534;-0.45460633378889825;0.32946497;0.32947522;-0.479801906272769
18;0.3082429;0.3082534;-0.45460633378889825;0.32946497;0.32947522;-0.479801906272769
0;0.31435835;0.31348315;-0.46004541884693834;0.3152715;0.31528193;-0.4650822135309378
0;0.31860793;0.31539345;-0.4630759593927198;0.30895665;0.3088101;-0.45298094215492407
0;0.5013219;0.22707793;-0.3637504321833452;0.4839803;0.23969771;-0.3803835737208525
0;0.34606373;0.29848465;-0.4446181001348628;0.32952526;0.3291564;-0.4794760397324959
0;0.3113489;0.23014647;-0.3674315112746424;0.3318906;0.24163291;-0.38260084241628645
0;0.3128884;0.31269792;-0.45989307189981143;0.32946497;0.32947522;-0.479801906272769
0;0.320179;0.31663987;-0.46375484834942554;0.31122005;0.31074455;-0.45816354850927987
0;0.31928533;0.3079417;-0.45622787893646294;0.31531703;0.31454942;-0.4592303901910782
0;0.31453213;0.30794773;-0.45454709943797855;0.33470535;0.33187616;-0.48226599966486294
1;0.31090724;0.30913004;-0.4559409214390649;0.33470535;0.33243454;-0.48290073722600935
0;0.33957773;0.2694753;-0.4107118431064818;0.30096436;0.2929477;-0.439750125259161
1;0.32648298;0.3195639;-0.46641435124393965;0.30090943;0.2953372;-0.4424432672560215
0;0.34368142;0.2361567;-0.3751082769698567;0.29658306;0.21807;-0.35177737325429914
1;0.3257832;0.23628497;-0.3752631825291448;0.29312924;0.21815546;-0.3518855127195517
0;0.32784083;0.32675016;-0.4757627274427149;0.2918653;0.2918761;-0.4345759067684412
1;0.32748735;0.32749754;-0.476546627531449;0.2918653;0.2918761;-0.4345759067684412
0;0.31416067;0.30962375;-0.4565955428613557;0.32946497;0.3294735;-0.4797999588151773
1;0.31299853;0.31300846;-0.46016673081450993;0.32946497;0.32947394;-0.4798003633817037
0;0.31028172;0.31021783;-0.45753182023763656;0.32946497;0.32947522;-0.479801906272769
1;0.31028178;0.31029227;-0.4575808013478915;0.32946497;0.32947522;-0.479801906272769
0;0.68197334;0.0015853143;-0.002420347078871189;0.6959254;6.5259774e-05;-6.526549425900363e-10
1;0.68195343;6.0407252e-05;-6.041230505046988e-10;0.6959254;6.5259774e-05;-6.526549425900363e-10
0;0.3113261;0.3108639;-0.4572141345176432;0.328819;0.3288293;-0.47728725348909695
1;0.31131703;0.31132752;-0.457718463987112;0.328819;0.3288293;-0.47728725348909695
0;0.33845165;0.2297145;-0.3669437208937274;0.33160222;0.24001941;-0.3807713494946559
1;0.31366178;0.22999519;-0.36729511527551545;0.33011043;0.24012087;-0.38089548212786517
0;0.3127889;0.31162137;-0.4588670406076643;0.32946497;0.32947522;-0.479801906272769
1;0.31282493;0.3128354;-0.4599324234657817;0.32946497;0.32947522;-0.479801906272769
0;0.32394478;0.3219622;-0.47160752142469087;0.2990252;0.2990359;-0.43998491366704306
1;0.32297364;0.32298392;-0.47274254171384705;0.2990252;0.2990359;-0.43998491366704306
0;0.3120368;0.3111391;-0.4580578866104285;0.32946497;0.32947522;-0.479801906272769
1;0.3119551;0.3119656;-0.4588934786617756;0.32946497;0.32947522;-0.479801906272769
0;0.3108223;0.31057304;-0.45695111627380053;0.32946497;0.32947522;-0.479801906272769
1;0.31081247;0.31082302;-0.45726642484466234;0.32946497;0.32947522;-0.479801906272769
0;0.32193053;0.32154772;-0.4692228122717804;0.30148035;0.30149058;-0.4471406780183315
1;0.32193053;0.32194075;-0.46966541926893923;0.30148035;0.30149066;-0.44714081039031345
0;0.31407124;0.31391466;-0.4606298443757825;0.32946497;0.32947522;-0.479801906272769
1;0.31406182;0.31407228;-0.4608392359895839;0.32946497;0.32947522;-0.479801906272769
0;0.30997637;0.309537;-0.45636698173152074;0.32946497;0.32947522;-0.479801906272769
1;0.30991864;0.3099292;-0.45684427900446783;0.32946497;0.32947522;-0.479801906272769
0;0.33626226;0.2935089;-0.4376277529117134;0.32090837;0.31815466;-0.46809466145932677
1;0.31565595;0.31515396;-0.461387554431955;0.3200025;0.31951705;-0.46960219951967397
0;0.68635434;0.00065114;-0.001066771575638864;0.670535;5.942764e-05;-5.943321975769115e-10
1;0.6863536;6.1890176e-05;-6.189554103049517e-10;0.670535;5.942764e-05;-5.943321975769115e-10
0;0.31505603;0.23501447;-0.37360644456413056;0.3294736;0.24938479;-0.3921053563555082
1;0.31374773;0.24344182;-0.38374798579348457;0.3294736;0.25786906;-0.4021715157975753
0;0.32058918;0.23779498;-0.3768843735671706;0.29934743;0.23197159;-0.36966759314139686
1;0.3188681;0.24658282;-0.38751887664612794;0.29934743;0.23926322;-0.37858457304537296
2;0.3188681;0.25413477;-0.3964012278243899;0.29934743;0.24558763;-0.38620134331285955
3;0.3188681;0.26081875;-0.40411907707651457;0.29934743;0.25115803;-0.3928206156939268
4;0.3188681;0.26667526;-0.41079894424312646;0.29934743;0.25614294;-0.3986736487597227
5;0.3188681;0.27184564;-0.41660785695744884;0.29934743;0.26045758;-0.40368656466404595
6;0.3188681;0.2763782;-0.4216655885800719;0.29934743;0.26421463;-0.40801156833767893
7;0.3188681;0.28042254;-0.42608993146568536;0.29934743;0.2675778;-0.4118517776330312
8;0.3188681;0.2840056;-0.42998069911781284;0.29934743;0.27056578;-0.41523882349332175
9;0.3188681;0.28717962;-0.4334112896687455;0.29934743;0.27316982;-0.41817180837194123
10;0.3188681;0.2899931;-0.4364348064073258;0.29934743;0.27552754;-0.42081217231849827
11;0.3188681;0.29255491;-0.4391281337580747;0.29934743;0.27759245;-0.42311293867727123
12;0.3188681;0.2948194;-0.4415273226176699;0.29934743;0.27948776;-0.4252149907251199
13;0.3188681;0.29684737;-0.44367386663539543;0.29934743;0.28115478;-0.42705631057421367
14;0.3188681;0.2986861;-0.44559106512202157;0.29934743;0.2826649;-0.4287182009468476
15;0.3188681;0.30032125;-0.4473122690907783;0.29934743;0.284037;-0.43022314744691054
16;0.3188681;0.30181208;-0.44886530842632055;0.29934743;0.2852777;-0.4315798273930947
17;0.3188681;0.30318066;-0.45026883288390107;0.29934743;0.286393;-0.43279598938922087
18;0.3188681;0.304426;-0.451541539405783;0.29934743;0.28741938;-0.4339126003285249
19;0.3188681;0.30554387;-0.4526981818593211;0.29934743;0.2883446;-0.43491679392755034
20;0.3188681;0.3065763;-0.4537493833858106;0.29934743;0.28919676;-0.4358397656430801
21;0.3188681;0.30750492;-0.45470779275314677;0.29934743;0.2899727;-0.4366784567634265
22;0.3188681;0.3083668;-0.45558255768070616;0.29934743;0.29068354;-0.4374456018209457
23;0.3188681;0.3091588;-0.45638370698110925;0.29934743;0.29133;-0.43814224873979885
24;0.3188681;0.3098843;-0.45711853113025425;0.29934743;0.29192245;-0.43877960989872616
25;0.3188681;0.31054488;-0.45779105805688436;0.29934743;0.29247722;-0.43937568850815295
26;0.3188681;0.3111541;-0.4584094261129697;0.29934743;0.29298058;-0.4399157709131638
27;0.3188681;0.3117199;-0.45897819673021634;0.29934743;0.29344586;-0.44041459436217945
28;0.3188681;0.31223005;-0.4595003632000751;0.29934743;0.2938757;-0.4408748329927524
29;0.3188681;0.31271565;-0.45998331682963506;0.29934743;0.29426962;-0.44129632289210957
30;0.3188681;0.3131625;-0.46042842985027366;0.29934743;0.29463768;-0.44168960452079775
0;0.31730473;0.3172641;-0.4632162180211809;0.31834742;0.3183578;-0.4691959285487731
1;0.31730458;0.31731492;-0.46328652815686333;0.31834742;0.3183578;-0.4691959285487731
2;0.31730458;0.31731495;-0.46328652815686333;0.31834742;0.3183578;-0.4691959285487731
3;0.31730458;0.31731495;-0.46328652815686333;0.31834742;0.3183578;-0.4691959285487731
4;0.31730458;0.31731495;-0.46328652815686333;0.31834742;0.3183578;-0.4691959285487731
5;0.31730458;0.31731495;-0.46328652815686333;0.31834742;0.3183578;-0.4691959285487731
6;0.31730458;0.31731492;-0.46328652815686333;0.31834742;0.3183578;-0.4691959285487731
7;0.31730458;0.31731492;-0.46328652815686333;0.31834742;0.3183578;-0.4691959285487731
8;0.31730458;0.31731495;-0.46328652815686333;0.31834742;0.3183578;-0.4691959285487731
9;0.31730458;0.31731507;-0.46328652815686333;0.31834742;0.3183578;-0.4691959285487731
10;0.31730458;0.3173149;-0.46328652815686333;0.31834742;0.3183578;-0.4691959285487731
0;0.31663013;0.31664056;-0.4629036528368791;0.31834742;0.3183578;-0.4691959285487731
1;0.31663013;0.3166405;-0.4629036528368791;0.31834742;0.3183578;-0.4691959285487731
2;0.31663013;0.31664056;-0.4629036528368791;0.31834742;0.3183578;-0.4691959285487731
3;0.31663013;0.31664056;-0.4629036528368791;0.31834742;0.3183578;-0.4691959285487731
0;0.31715572;0.31551605;-0.46217855169541305;0.3107933;0.31073323;-0.4595366763571898
1;0.31690827;0.31670445;-0.4635149105969403;0.3107933;0.31073204;-0.4595362608631452
2;0.31690827;0.31670117;-0.46351119863490264;0.3107933;0.31073278;-0.45953688050309816
3;0.31690827;0.31674263;-0.46355157242053086;0.3107933;0.31080446;-0.45960852801799773
4;0.31690827;0.31691524;-0.4637182926966084;0.3107933;0.31080452;-0.45960865666468936
5;0.31690827;0.31691518;-0.46371828963359196;0.3107933;0.31080452;-0.45960868870218596
6;0.31690827;0.31691527;-0.4637182885160049;0.3107933;0.31080452;-0.45960871403416
7;0.31690827;0.31691524;-0.46371829389697977;0.3107933;0.31080455;-0.45960873067379
8;0.31690827;0.3169154;-0.4637182948076063;0.3107933;0.31080455;-0.45960874582330385
9;0.31690827;0.31691527;-0.4637182943936851;0.3107933;0.31080458;-0.4596087577442328
10;0.31690827;0.31691527;-0.4637182943936851;0.3107933;0.31080464;-0.4596087818344434
0;0.3167066;0.31671458;-0.46348094195127487;0.3107933;0.31080464;-0.45960879921913145
1;0.3167066;0.31671456;-0.4634809441036648;0.3107933;0.31080467;-0.4596088074147701
2;0.3167066;0.3167146;-0.46348094675276014;0.3107933;0.31080464;-0.4596088193356991
3;0.3167066;0.31671453;-0.4634809462560548;0.3107933;0.31080467;-0.4596088243027528
4;0.3167066;0.31671453;-0.46348094758060243;0.3107933;0.3108047;-0.45960883448521295
0;0.31907502;0.26721832;-0.4109134256425831;0.30483449;0.27884218;-0.4246716178953648
1;0.31744045;0.29887;-0.44596779470642406;0.30483449;0.29403064;-0.4410170997182528
2;0.31744045;0.30937886;-0.4568184259865019;0.30483449;0.2999516;-0.4472149247924487
3;0.31744045;0.3136762;-0.4612061111463441;0.30483449;0.30251533;-0.4498682310183843
4;0.31744045;0.3156121;-0.4631620051546229;0.30483449;0.30370712;-0.4510955482721329
5;0.31744045;0.3165589;-0.464102458788289;0.30483449;0.30429253;-0.45169687395294505
6;0.31744045;0.31702474;-0.4645610840784179;0.30483449;0.3045782;-0.4519900461037954
7;0.31744045;0.31724003;-0.4647808402776718;0.30483449;0.3047144;-0.45212968414028487
8;0.31744045;0.31734836;-0.4648868562032779;0.30483449;0.30478093;-0.4521979366739591
9;0.31744045;0.3174012;-0.4649391988913218;0.30483449;0.30481407;-0.45223186413447064
0;0.31636792;0.3126486;-0.46120987464156415;0.3281021;0.32811004;-0.47502645328640936
1;0.31317088;0.31318098;-0.46196008407407335;0.3281021;0.32811004;-0.47502645328640936
2;0.31317088;0.313181;-0.46196008407407335;0.3281021;0.32811004;-0.47502645328640936
3;0.31317088;0.31318095;-0.46196008407407335;0.3281021;0.32811004;-0.47502645328640936
4;0.31317088;0.31318083;-0.46196008407407335;0.3281021;0.32811004;-0.47502645328640936
5;0.31317088;0.313181;-0.46196008407407335;0.3281021;0.32811004;-0.47502645328640936
6;0.31317088;0.3131809;-0.46196008411546546;0.3281021;0.32811004;-0.47502645378311475
7;0.31317088;0.3131809;-0.46196008411546546;0.3281021;0.32811004;-0.47502645378311475
8;0.31317088;0.31318092;-0.46196008494330776;0.3281021;0.32811004;-0.475026456763347
9;0.31317088;0.31318104;-0.4619600855227974;0.3281021;0.32811004;-0.475026456763347
0;0.32801768;0.32356465;-0.47314768354925846;0.29214123;0.29007766;-0.43245572646458946
1;0.32641026;0.32446563;-0.47426276004148854;0.29214123;0.29007766;-0.43245572646458946
2;0.32641026;0.32446563;-0.47426276004148854;0.29214123;0.29007766;-0.43245572646458946
3;0.32641026;0.32446572;-0.47426276004148854;0.29214123;0.29007766;-0.43245572646458946
4;0.32641026;0.32446572;-0.47426276004148854;0.29214123;0.29007766;-0.43245572646458946
5;0.32641026;0.3244656;-0.47426276004148854;0.29214123;0.29007766;-0.43245572646458946
6;0.32641026;0.32446566;-0.47426276004148854;0.29214123;0.29007766;-0.43245572646458946
7;0.32641026;0.32446563;-0.47426276004148854;0.29214123;0.29007766;-0.43245572646458946
8;0.32641026;0.32446572;-0.47426276004148854;0.29214123;0.29007766;-0.43245572646458946
9;0.32641026;0.32446566;-0.47426276004148854;0.29214123;0.29007766;-0.43245572646458946
10;0.32641026;0.3244656;-0.47426276004148854;0.29214123;0.29007766;-0.43245572646458946
0;0.32515427;0.2374768;2.9481478210952545;0.29756775;0.22318174;0.29049035583933197
1;0.32656047;0.23769242;0.29904011910160383;0.2975652;0.2243574;0.29058770487705865
2;0.3236429;0.23896164;0.2972459198700057;0.2975652;0.22524862;0.29069619451959927
0;0.39993718;0.23157862;0.2975087069802814;0.3288526;0.23774786;0.29770877460638684
1;0.35359243;0.23171005;0.2977247107360098;0.42833355;0.23841412;0.29678613419334093
2;0.33412635;0.23726755;0.30036187453402413;0.3336484;0.24434878;0.2920357791086038
3;0.37083197;0.24126127;0.29045966102017295;0.34172642;0.24194317;0.29396980827053387
4;0.4232551;0.23795058;0.29390575827823745;0.34563243;0.23803467;0.297236417979002
5;0.32544166;0.23746294;0.30085991132590506;0.33079556;0.24442118;0.29235963051517805
0;0.6046703;0.23459938;0.29790151450369096;0.31273523;0.2304558;0.29464983319242793
1;0.3162702;0.23208946;0.2956254792710145;0.31273523;0.23060241;0.2946339798470338
0;0.37392008;0.25161815;0.30131095971750177
0;0.6083553;0.24358153;0.300285328593519;0.68883514;0.23707817;0.3019470006227493
1;0.6683245;0.2577862;0.29259809280435245;0.71884483;0.24215688;0.2978955422838529
2;0.703644;0.28117016;0.2770866745875941;0.7897288;0.28023663;0.27244843865434326
3;0.7369613;0.30549505;0.2649273148841328;0.7754936;0.28475368;0.2703293363253276
4;0.779888;0.3297932;0.24938969156808324;0.7982679;0.29556158;0.2638310770193736
5;0.79873675;0.3384054;0.24380300980475214;0.8186429;0.31030503;0.25505213886499406
6;0.8040882;0.34232876;0.24175897472434574;0.81719184;0.30668962;0.25673282419641813
7;0.81005174;0.34387273;0.24068984314799308;0.83007026;0.31656903;0.25089404409130417
8;0.81661665;0.34754485;0.2383269449075063;0.84515256;0.3296668;0.2433568539718787
9;0.81691015;0.34763798;0.23849979978468683;0.8305537;0.3146034;0.2513361838956674
10;0.79857093;0.33396164;0.24671775218513275;0.8416415;0.3237153;0.24624568372964858
11;0.8286795;0.35539386;0.23329540060626136;0.8476644;0.3312929;0.2418067164719105
12;0.82861495;0.35374537;0.2346123304631975;0.839915;0.31999233;0.2476394144197305
13;0.8345319;0.35846627;0.2312383357849386;0.8553589;0.33940446;0.23697091937065123
14;0.827507;0.3466609;0.2410577539768484;0.8419746;0.32712096;0.24435186410943668
15;0.8389907;0.3591862;0.23086153724127345;0.85526454;0.3405657;0.23630444059769312
16;0.8429931;0.36254263;0.22881279728478857;0.8501615;0.33268484;0.23994925394654273
17;0.8465492;0.36340252;0.22777138012978765;0.8625023;0.3529866;0.22997848118344943
18;0.8434851;0.3618974;0.22863582968711854;0.85298514;0.34062013;0.23636325299739838
19;0.8496435;0.36578637;0.22624538722965454;0.8630371;0.35101816;0.23046682973702748
20;0.8492123;0.36667842;0.2257111028664642;0.8323776;0.315154;0.2495915859937668
21;0.85166985;0.3657906;0.22566548710068066;0.8684644;0.36586317;0.22368208145101864
22;0.8512212;0.36764356;0.2250669294761287;0.8591995;0.3426784;0.23369137917955715
23;0.8517828;0.36759484;0.224634619967805;0.86354953;0.35120708;0.22963076581557593
24;0.8502597;0.3660937;0.22596149701211188;0.86496025;0.3501015;0.22966897388299307
25;0.85128665;0.3677931;0.22441947965158357;0.8626239;0.352051;0.22933078904946644
26;0.8522335;0.36708602;0.22475220784544944;0.8681618;0.36832798;0.22182516132791838
27;0.85529995;0.37105933;0.22232624996039602;0.86661583;0.35353792;0.22767953375975292
28;0.8552503;0.37078568;0.2220817460781998;0.8629339;0.3476074;0.23051158264279364
29;0.85717577;0.37187383;0.2218852489358849;0.8264422;0.30642807;0.25393342127402624
30;0.8575223;0.3707694;0.22167721862594286;0.8577039;0.33737475;0.23545374274253844
31;0.85235137;0.36741486;0.2240957972076204;0.8630758;0.34853077;0.2300339639186859
32;0.8566073;0.3707091;0.22197902252276738;0.863324;0.3469288;0.2303428590297699
33;0.8622314;0.37470838;0.21901255564557182;0.87173563;0.36428833;0.22186475818355877
34;0.8629789;0.3761139;0.2180927009218269;0.8695188;0.35709026;0.22498868654171625
35;0.8628315;0.37593985;0.21867713547415205;0.84514314;0.3263999;0.2418117716908455
36;0.85682833;0.37087673;0.22115177197588815;0.867541;0.3531839;0.22670617078741392
0;0.8566302;0.3721725;0.22287826852666007;0.87219644;0.36139143;0.22255215520660082
1;0.8612225;0.3753315;0.22057991392082638;0.8713791;0.36190876;0.22238534539937974
2;0.86358184;0.37640363;0.21949333018726772;0.86973065;0.37071696;0.21938354546825092
3;0.86088663;0.3757612;0.219576724867026;0.8671453;0.34796965;0.22887423411011695
4;0.8635686;0.37698603;0.2183514599998792;0.86404574;0.35040072;0.22823212618629138
5;0.8640018;0.37739906;0.21806828950842222;0.86912256;0.35520306;0.22501552949349085
6;0.8643684;0.37848425;0.21699438840150834;0.8709267;0.3754395;0.2169548640648524
7;0.86562794;0.37906396;0.21709615016976994;0.8719793;0.36205098;0.22170898442467055
8;0.86522096;0.37836155;0.2167350978487068;0.87373173;0.36633193;0.2199955311914285
9;0.86879414;0.38113132;0.21506972743405237;0.87436575;0.36611894;0.21957606027523677
10;0.8669248;0.38012367;0.21581252771947118;0.8716039;0.36864388;0.21864169736703237
11;0.8469261;0.3654775;0.2256220476494895;0.86782813;0.36775425;0.22084510202209154
12;0.86695457;0.3801413;0.21571853127744461;0.8739973;0.3667762;0.2194174940387408
13;0.8717523;0.3828225;0.2134216801987754;0.86917573;0.3794843;0.21482864245772362
14;0.8640099;0.37896207;0.21660049276219473;0.87022245;0.3526862;0.22558806414405505
15;0.8711138;0.38336605;0.21260450904568037;0.876813;0.37747672;0.21525420745213827
16;0.8730924;0.38504502;0.21158698408140075;0.87747675;0.37407973;0.2158395772178968
17;0.8746376;0.38615185;0.21056585179434884;0.87637585;0.37613872;0.2156845139960448
18;0.8759237;0.38666806;0.2101835551361243;0.8778455;0.37158304;0.21636427094539007
19;0.8758137;0.38671875;0.21001457042164273;0.8782214;0.37169224;0.21621062631408375
20;0.85818;0.3729514;0.22087751030921937;0.87124354;0.36279497;0.2207469880580902
21;0.8742228;0.3861353;0.21026332477728527;0.87798566;0.3688954;0.21713535835345585
22;0.8773982;0.38803902;0.2088107346660561;0.8799177;0.3767566;0.21368556320667267
23;0.8782517;0.38915545;0.20814112631811035;0.8794988;0.3770291;0.2135735643406709
0;0.8737437;0.38440678;0.21115586418244575;0.8779961;0.36850017;0.21670413439472516
1;0.87558;0.38551793;0.21023338677154646;0.87775344;0.38461855;0.2108565164109071
2;0.87502193;0.3866824;0.2096472574604882;0.87873584;0.37137315;0.21540919790665308
3;0.87667567;0.38760245;0.20863390589753786;0.878568;0.36865807;0.21629742284615835
4;0.87970227;0.38900506;0.20752391699287626;0.8746201;0.36072084;0.22018927658597628
5;0.8746368;0.38504097;0.21018123560481602;0.87746507;0.3763174;0.21401774461070697
6;0.8793522;0.38912955;0.20707090513573753;0.8770439;0.37498504;0.21465591390927632
7;0.88239026;0.39172134;0.20533624846074316;0.8778923;0.36901012;0.21608340591192246
8;0.88159406;0.39050803;0.20614351762665642;0.8770861;0.36682275;0.21704986492792766
9;0.883165;0.39192322;0.2051864424513446;0.87595725;0.36628616;0.21752216840783756
10;0.88368833;0.3925696;0.2046955968770716;0.8754847;0.36074343;0.21945403392116228
11;0.8835395;0.39262813;0.20414341340462366;0.8790123;0.37222877;0.21443711842099825
0;0.8739324;0.38474637;0.21033779995308982;0.87953794;0.3867438;0.20954638918240864
1;0.8793156;0.39075077;0.2058914473487271;0.8797399;0.37029344;0.2147556535899639
2;0.88021666;0.39086455;0.20562559333112504;0.88306046;0.38210508;0.2100894808769226
3;0.88191104;0.39204368;0.20499452443586455;0.8814418;0.37232527;0.21347814823190372
4;0.8844775;0.3938465;0.2031575459573004;0.88178307;0.3827917;0.20984009007612864
5;0.8851933;0.3945742;0.20302661880850792;0.8827225;0.3747629;0.21210689718524614
6;0.88491315;0.39373016;0.2032114711900552;0.8829989;0.38166717;0.2100469725827376
7;0.88689256;0.3954012;0.2021560437977314;0.8834778;0.3821184;0.20920408988992373
8;0.8849867;0.39483684;0.2026428437895245;0.88223726;0.37972555;0.21052013511459033
9;0.88704926;0.39622155;0.20142464604642657;0.882075;0.38511097;0.20905770286917685
10;0.88944066;0.39737353;0.20054539524846607;0.88088834;0.39359334;0.20709676817059516
11;0.8872856;0.39692837;0.20096639808681277;0.8749415;0.3670635;0.21611964131395023
12;0.8900366;0.39795515;0.1998943526711729;0.8806931;0.37939185;0.2108822651207447
13;0.8904283;0.39916047;0.19915657101405992;0.88470894;0.38393852;0.20829845170180003
14;0.8906517;0.39885563;0.19980344333582453;0.85398;0.34435505;0.22903508618474006
15;0.8913352;0.39889926;0.19898609767357509;0.8803299;0.37269992;0.21278378839294115
16;0.8909201;0.39807814;0.1999140662451585;0.87464523;0.39122924;0.2082637920975685
17;0.8914414;0.40030533;0.19816783600383334;0.88303936;0.3811973;0.2090710110962391
18;0.89547205;0.4027356;0.1962204927371608;0.8824989;0.37988386;0.20975087831417719
19;0.89604163;0.40277854;0.19617458052105374;0.88547033;0.3878479;0.20642613843083382
20;0.89697164;0.40378058;0.19550853768984477;0.8859291;0.38602072;0.20666430617372195
0;0.8854709;0.39580938;0.20185544010665682;0.8849614;0.38305628;0.2071460247039795
1;0.88553923;0.396735;0.20124851713577907;0.8802348;0.36905444;0.21354286124308905
2;0.888597;0.39853036;0.19932651925418113;0.8840563;0.3814985;0.20815617442131043
3;0.88913506;0.3990774;0.1992551188502047;0.8821462;0.38170508;0.2085112770398458
4;0.85721546;0.37425935;0.21747426183687316;0.8777936;0.37369397;0.2124496690928936
5;0.88789153;0.3981771;0.1995944522321224;0.88134205;0.37565967;0.21075004289547603
6;0.89126647;0.4007738;0.19786017330156433;0.88704604;0.38856202;0.20515204817056656
7;0.8932431;0.40188023;0.1967861576212777;0.8846227;0.3841283;0.20694770514965058
8;0.89362735;0.40305993;0.19582692500617768;0.8866483;0.38880405;0.20500291436910628
9;0.89408994;0.40374142;0.1953507991300689;0.88310266;0.38598582;0.20664208779732388
10;0.89448166;0.40399602;0.1952208147280746;0.88601685;0.38436955;0.20643802682558696
11;0.8958349;0.40447828;0.1946575541463163;0.88241804;0.39622515;0.20419217348098756
12;0.89636827;0.4055432;0.1941243818236722;0.88441086;0.3828973;0.20703633278608322
13;0.89656925;0.4052962;0.194096397029029;0.88753355;0.38877794;0.204108052700758
14;0.897328;0.40627116;0.19313314018978012;0.8856918;0.38826513;0.20486391112208366
15;0.89851356;0.40703332;0.19258180947767364;0.88239133;0.37952647;0.20837743779023488
16;0.89844877;0.40689355;0.19282905037204426;0.88208926;0.3795492;0.2082592248916626
17;0.8990723;0.4069514;0.19244811286528904;0.88608676;0.3839772;0.2059875359137853
0;0.31535703;0.22694387;0.28732413798570633;0.33957264;0.24595053;0.2971755087375641
1;0.30677557;0.22735314;0.2872144103050232;0.33957264;0.24640478;0.29697445333003997
2;0.30677557;0.2277974;0.28712413849102125;0.33957264;0.24691582;0.2967536819477876
3;0.30677557;0.22813095;0.28704333586825265;0.33957264;0.24726781;0.29660498102506
4;0.30677557;0.22850713;0.2869686641626888;0.33957264;0.24780299;0.2963842342297236
5;0.30677557;0.2288103;0.2869058385491371;0.33957264;0.24814047;0.2962483604749044
6;0.30677557;0.22923239;0.2868479939798514;0.33957264;0.24855962;0.2960832938551903
7;0.30677557;0.22968419;0.28690638028913074;0.33957264;0.24886355;0.2959664560854435
8;0.30677557;0.2298346;0.2867585343619188;0.33957264;0.24923587;0.2958253751198451
9;0.30677557;0.23006774;0.28671799558732247;0.33957264;0.24942933;0.2957535927494367
10;0.30677557;0.23034151;0.2866846478647656;0.33957264;0.24978189;0.2956249299148718
11;0.30677557;0.2306257;0.28665544639031093;0.33957264;0.2500514;0.2955285541713238
12;0.30677557;0.23075403;0.2866311087376542;0.33957264;0.250315;0.2954359573622545
13;0.30677557;0.23105976;0.28660144805908205;0.33957264;0.25054273;0.2953573316335678
14;0.30677557;0.23129334;0.28658544909622935;0.33957264;0.25077227;0.2952792890369892
15;0.30677557;0.23136948;0.2865670641263326;0.33957264;0.25097725;0.29521072333057724
16;0.30677557;0.23161717;0.28655421402719283;0.33957264;0.25116947;0.29514724562565486
17;0.30677557;0.23174804;0.2865342554118898;0.33957264;0.25134814;0.29508911122878395
18;0.30677557;0.23187272;0.2865232134030925;0.33957264;0.25154933;0.29502456858754156
19;0.30677557;0.23200873;0.28651200276282096;0.33957264;0.25167522;0.294984666009744
20;0.30677557;0.23219264;0.2865038794775804;0.33957264;0.25178856;0.29494912003477414
21;0.30677557;0.23228115;0.28649300643139414;0.33957264;0.25196967;0.294892905652523
22;0.30677557;0.23239371;0.2864860642287466;0.33957264;0.25208986;0.2948560352126757
23;0.30677557;0.23257676;0.28648229382104345;0.33957264;0.25226197;0.29480387245615325
24;0.30677557;0.23260888;0.2864734856618775;0.33957264;0.2523034;0.29479144314924877
25;0.30677557;0.23272938;0.2864736215935813;0.33957264;0.25241345;0.29475858584046366
26;0.30677557;0.23284844;0.2864648703899648;0.33957264;0.25252587;0.29472534532348316
27;0.30677557;0.23290038;0.28646044524179565;0.33957264;0.25262603;0.294695961723725
28;0.30677557;0.23297492;0.2864575219651063;0.33957264;0.25276008;0.29465707366665206
29;0.30677557;0.23306657;0.28645573001768854;0.33957264;0.2528322;0.2946363498767217
30;0.30677557;0.23316683;0.286449227316512;0.33957264;0.25291473;0.29461275761326156
31;0.30677557;0.2331834;0.2864493440422747;0.33957264;0.25298366;0.2945931772391001
32;0.30677557;0.23320535;0.2864474289947086;0.33957264;0.25299355;0.29459039370218915
0;0.30929267;0.23484775;0.28706854242417545;0.33957264;0.25310743;0.2945583574473858
